Log file open, 07/01/22 20:56:47
LogWindows: Failed to load 'aqProf.dll' (GetLastError=126)
LogWindows: File 'aqProf.dll' does not exist
LogWindows: Failed to load 'VtuneApi.dll' (GetLastError=126)
LogWindows: File 'VtuneApi.dll' does not exist
LogWindows: Failed to load 'VtuneApi32e.dll' (GetLastError=126)
LogWindows: File 'VtuneApi32e.dll' does not exist
LogConsoleResponse: Display: Failed to find resolution value strings in scalability ini. Falling back to default.
LogConsoleResponse: Display: Failed to find resolution value strings in scalability ini. Falling back to default.
LogInit: Display: Running engine for game: MiPlataforma
LogPlatformFile: Not using cached read wrapper
LogTaskGraph: Started task graph with 5 named threads and 11 total threads with 3 sets of task threads.
LogStats: Stats thread started at 0.454845
LogICUInternationalization: ICU TimeZone Detection - Raw Offset: -3:00, Platform Override: ''
LogInit: Display: Loading text-based GConfig....
LogPluginManager: Mounting plugin MeshPainting
LogPluginManager: Mounting plugin XGEController
LogPluginManager: Mounting plugin Paper2D
LogPluginManager: Mounting plugin LightPropagationVolume
LogPluginManager: Mounting plugin LiveLink
LogPluginManager: Mounting plugin CameraShakePreviewer
LogPluginManager: Mounting plugin GameplayCameras
LogPluginManager: Mounting plugin AISupport
LogPluginManager: Mounting plugin EnvironmentQueryEditor
LogPluginManager: Mounting plugin OodleData
LogPluginManager: Mounting plugin OodleNetwork
LogPluginManager: Mounting plugin AnimationSharing
LogPluginManager: Mounting plugin CLionSourceCodeAccess
LogPluginManager: Mounting plugin CodeLiteSourceCodeAccess
LogPluginManager: Mounting plugin KDevelopSourceCodeAccess
LogPluginManager: Mounting plugin GitSourceControl
LogPluginManager: Mounting plugin NullSourceCodeAccess
LogPluginManager: Mounting plugin PerforceSourceControl
LogPluginManager: Mounting plugin AssetManagerEditor
LogPluginManager: Mounting plugin PixWinPlugin
LogPluginManager: Mounting plugin PluginUtils
LogPluginManager: Mounting plugin PlasticSourceControl
LogPluginManager: Mounting plugin PropertyAccessNode
LogPluginManager: Mounting plugin RiderSourceCodeAccess
LogPluginManager: Mounting plugin CryptoKeys
LogPluginManager: Mounting plugin CurveEditorTools
LogPluginManager: Mounting plugin SubversionSourceControl
LogPluginManager: Mounting plugin TextureFormatOodle
LogPluginManager: Mounting plugin DataValidation
LogPluginManager: Mounting plugin FacialAnimation
LogPluginManager: Mounting plugin GameplayTagsEditor
LogPluginManager: Mounting plugin UObjectPlugin
LogPluginManager: Mounting plugin GeometryMode
LogPluginManager: Mounting plugin VisualStudioCodeSourceCodeAccess
LogPluginManager: Mounting plugin VisualStudioSourceCodeAccess
LogPluginManager: Mounting plugin MacGraphicsSwitching
LogPluginManager: Mounting plugin XCodeSourceCodeAccess
LogPluginManager: Mounting plugin MaterialAnalyzer
LogPluginManager: Mounting plugin MobileLauncherProfileWizard
LogPluginManager: Mounting plugin PluginBrowser
LogPluginManager: Mounting plugin SpeedTreeImporter
LogPluginManager: Mounting plugin Niagara
LogPluginManager: Mounting plugin DatasmithContent
LogPluginManager: Mounting plugin AlembicImporter
LogPluginManager: Mounting plugin AutomationUtils
LogPluginManager: Mounting plugin BackChannel
LogPluginManager: Mounting plugin ChaosCloth
LogPluginManager: Mounting plugin ChaosClothEditor
LogPluginManager: Mounting plugin ChaosEditor
LogPluginManager: Mounting plugin ChaosNiagara
LogPluginManager: Mounting plugin ChaosSolverPlugin
LogPluginManager: Mounting plugin CharacterAI
LogPluginManager: Mounting plugin VariantManagerContent
LogPluginManager: Mounting plugin GeometryCache
LogPluginManager: Mounting plugin GeometryCollectionPlugin
LogPluginManager: Mounting plugin GeometryProcessing
LogPluginManager: Mounting plugin MotoSynth
LogPluginManager: Mounting plugin OpenImageDenoise
LogPluginManager: Mounting plugin PlanarCut
LogPluginManager: Mounting plugin PlatformCrypto
LogPluginManager: Mounting plugin ProxyLODPlugin
LogPluginManager: Mounting plugin PythonScriptPlugin
LogPluginManager: Mounting plugin SkeletalReduction
LogPluginManager: Mounting plugin LuminPlatformFeatures
LogPluginManager: Mounting plugin MagicLeap
LogPluginManager: Mounting plugin MagicLeapLightEstimation
LogPluginManager: Mounting plugin MagicLeapMedia
LogPluginManager: Mounting plugin MagicLeapPassableWorld
LogPluginManager: Mounting plugin MLSDK
LogPluginManager: Mounting plugin AndroidMedia
LogPluginManager: Mounting plugin AvfMedia
LogPluginManager: Mounting plugin ImgMedia
LogPluginManager: Mounting plugin MediaCompositing
LogPluginManager: Mounting plugin MediaPlayerEditor
LogPluginManager: Mounting plugin WebMMedia
LogPluginManager: Mounting plugin WmfMedia
LogPluginManager: Mounting plugin TcpMessaging
LogPluginManager: Mounting plugin UdpMessaging
LogPluginManager: Mounting plugin ActorSequence
LogPluginManager: Mounting plugin LevelSequenceEditor
LogPluginManager: Mounting plugin MatineeToLevelSequence
LogPluginManager: Mounting plugin TemplateSequence
LogPluginManager: Mounting plugin OnlineSubsystem
LogPluginManager: Mounting plugin OnlineSubsystemNull
LogPluginManager: Mounting plugin OnlineSubsystemUtils
LogPluginManager: Mounting plugin LauncherChunkInstaller
LogPluginManager: Mounting plugin ActorLayerUtilities
LogPluginManager: Mounting plugin AndroidDeviceProfileSelector
LogPluginManager: Mounting plugin AndroidPermission
LogPluginManager: Mounting plugin AndroidMoviePlayer
LogPluginManager: Mounting plugin AppleImageUtils
LogPluginManager: Mounting plugin AppleMoviePlayer
LogPluginManager: Mounting plugin ArchVisCharacter
LogPluginManager: Mounting plugin AssetTags
LogPluginManager: Mounting plugin AudioCapture
LogPluginManager: Mounting plugin AudioSynesthesia
LogPluginManager: Mounting plugin CableComponent
LogPluginManager: Mounting plugin ChunkDownloader
LogPluginManager: Mounting plugin CustomMeshComponent
LogPluginManager: Mounting plugin ExampleDeviceProfileSelector
LogPluginManager: Mounting plugin EditableMesh
LogPluginManager: Mounting plugin GooglePAD
LogPluginManager: Mounting plugin GoogleCloudMessaging
LogPluginManager: Mounting plugin IOSDeviceProfileSelector
LogPluginManager: Mounting plugin LinuxDeviceProfileSelector
LogPluginManager: Mounting plugin LocationServicesBPLibrary
LogPluginManager: Mounting plugin MobilePatchingUtils
LogPluginManager: Mounting plugin OpenXR
LogPluginManager: Mounting plugin OpenXREyeTracker
LogPluginManager: Mounting plugin ScreenshotTools
LogPluginManager: Mounting plugin OpenXRHandTracking
LogPluginManager: Mounting plugin PhysXVehicles
LogPluginManager: Mounting plugin PostSplashScreen
LogPluginManager: Mounting plugin ProceduralMeshComponent
LogPluginManager: Mounting plugin PropertyAccessEditor
LogPluginManager: Mounting plugin RuntimePhysXCooking
LogPluginManager: Mounting plugin SignificanceManager
LogPluginManager: Mounting plugin SoundFields
LogPluginManager: Mounting plugin Synthesis
LogPluginManager: Mounting plugin WebMMoviePlayer
LogPluginManager: Mounting plugin WindowsMoviePlayer
LogPluginManager: Mounting plugin Takes
LogPluginManager: Mounting plugin ContentBrowserAssetDataSource
LogPluginManager: Mounting plugin ContentBrowserClassDataSource
LogPluginManager: Mounting plugin ContentBrowserFileDataSource
LogPluginManager: Mounting plugin OnlineSubsystemGooglePlay
LogPluginManager: Mounting plugin OnlineSubsystemIOS
LogPluginManager: Mounting plugin OculusVR
LogPluginManager: Mounting plugin SteamVR
PixWinPlugin: PIX capture plugin failed to initialize! Check that the process is launched from PIX.
LogInit: Using libcurl 7.55.1-DEV
LogInit:  - built for x86_64-pc-win32
LogInit:  - supports SSL with OpenSSL/1.1.1
LogInit:  - supports HTTP deflate (compression) using libz 1.2.8
LogInit:  - other features:
LogInit:      CURL_VERSION_SSL
LogInit:      CURL_VERSION_LIBZ
LogInit:      CURL_VERSION_IPV6
LogInit:      CURL_VERSION_ASYNCHDNS
LogInit:      CURL_VERSION_LARGEFILE
LogInit:      CURL_VERSION_IDN
LogInit:  CurlRequestOptions (configurable via config and command line):
LogInit:  - bVerifyPeer = true  - Libcurl will verify peer certificate
LogInit:  - bUseHttpProxy = false  - Libcurl will NOT use HTTP proxy
LogInit:  - bDontReuseConnections = false  - Libcurl will reuse connections
LogInit:  - MaxHostConnections = 16  - Libcurl will limit the number of connections to a host
LogInit:  - LocalHostAddr = Default
LogInit:  - BufferSize = 65536
LogOnline: OSS: Creating online subsystem instance for: NULL
LogInit: WinSock: version 1.1 (2.2), MaxSocks=32767, MaxUdp=65467
LogOnline: OSS: TryLoadSubsystemAndSetDefault: Loaded subsystem for module [NULL]
LogOculusPluginWrapper: OculusPlugin initialized successfully
LogHMD: Failed initializing OVRPlugin 1.59.0
LogInit: Build: ++UE4+Release-4.27-CL-18319896
LogInit: Engine Version: 4.27.2-18319896+++UE4+Release-4.27
LogInit: Compatible Engine Version: 4.27.0-17155196+++UE4+Release-4.27
LogInit: Net CL: 17155196
LogInit: OS: Windows 10 (Release 2009) (), CPU: Intel(R) Core(TM) i5-7200U CPU @ 2.50GHz, GPU: Intel(R) HD Graphics 620
LogInit: Compiled (64-bit): Nov 30 2021 07:12:08
LogInit: Compiled with Visual C++: 19.24.28315.00
LogInit: Build Configuration: Development
LogInit: Branch Name: ++UE4+Release-4.27
LogInit: Command Line:  /Game/Maps/main -game -PIEVIACONSOLE -Multiprocess "GameUserSettingsINI=C:/Users/Gisela/Documents/Unreal Projects/MiPlataforma/Saved/Config/Windows/PIEGameUserSettings0.ini" -MultiprocessSaveConfig -forcepassthrough -messaging -SessionName="Play in Standalone Game" -windowed -WinX=43 -WinY=28 SAVEWINPOS=1 -ResX=1280 -ResY=694
LogInit: Base Directory: C:/Program Files (x86)/Epic Games/UE_4.27/Engine/Binaries/Win64/
LogInit: Allocator: TBB
LogInit: Installed Engine Build: 1
LogDevObjectVersion: Number of dev versions registered: 29
LogDevObjectVersion:   Dev-Blueprints (B0D832E4-1F89-4F0D-ACCF-7EB736FD4AA2): 10
LogDevObjectVersion:   Dev-Build (E1C64328-A22C-4D53-A36C-8E866417BD8C): 0
LogDevObjectVersion:   Dev-Core (375EC13C-06E4-48FB-B500-84F0262A717E): 4
LogDevObjectVersion:   Dev-Editor (E4B068ED-F494-42E9-A231-DA0B2E46BB41): 40
LogDevObjectVersion:   Dev-Framework (CFFC743F-43B0-4480-9391-14DF171D2073): 37
LogDevObjectVersion:   Dev-Mobile (B02B49B5-BB20-44E9-A304-32B752E40360): 3
LogDevObjectVersion:   Dev-Networking (A4E4105C-59A1-49B5-A7C5-40C4547EDFEE): 0
LogDevObjectVersion:   Dev-Online (39C831C9-5AE6-47DC-9A44-9C173E1C8E7C): 0
LogDevObjectVersion:   Dev-Physics (78F01B33-EBEA-4F98-B9B4-84EACCB95AA2): 14
LogDevObjectVersion:   Dev-Platform (6631380F-2D4D-43E0-8009-CF276956A95A): 0
LogDevObjectVersion:   Dev-Rendering (12F88B9F-8875-4AFC-A67C-D90C383ABD29): 45
LogDevObjectVersion:   Dev-Sequencer (7B5AE74C-D270-4C10-A958-57980B212A5A): 13
LogDevObjectVersion:   Dev-VR (D7296918-1DD6-4BDD-9DE2-64A83CC13884): 3
LogDevObjectVersion:   Dev-LoadTimes (C2A15278-BFE7-4AFE-6C17-90FF531DF755): 1
LogDevObjectVersion:   Private-Geometry (6EACA3D4-40EC-4CC1-B786-8BED09428FC5): 3
LogDevObjectVersion:   Dev-AnimPhys (29E575DD-E0A3-4627-9D10-D276232CDCEA): 17
LogDevObjectVersion:   Dev-Anim (AF43A65D-7FD3-4947-9873-3E8ED9C1BB05): 15
LogDevObjectVersion:   Dev-ReflectionCapture (6B266CEC-1EC7-4B8F-A30B-E4D90942FC07): 1
LogDevObjectVersion:   Dev-Automation (0DF73D61-A23F-47EA-B727-89E90C41499A): 1
LogDevObjectVersion:   FortniteMain (601D1886-AC64-4F84-AA16-D3DE0DEAC7D6): 47
LogDevObjectVersion:   FortniteRelease (E7086368-6B23-4C58-8439-1B7016265E91): 1
LogDevObjectVersion:   Dev-Enterprise (9DFFBCD6-494F-0158-E221-12823C92A888): 10
LogDevObjectVersion:   Dev-Niagara (F2AED0AC-9AFE-416F-8664-AA7FFA26D6FC): 1
LogDevObjectVersion:   Dev-Destruction (174F1F0B-B4C6-45A5-B13F-2EE8D0FB917D): 10
LogDevObjectVersion:   Dev-Physics-Ext (35F94A83-E258-406C-A318-09F59610247C): 41
LogDevObjectVersion:   Dev-PhysicsMaterial-Chaos (B68FC16E-8B1B-42E2-B453-215C058844FE): 1
LogDevObjectVersion:   Dev-CineCamera (B2E18506-4273-CFC2-A54E-F4BB758BBA07): 1
LogDevObjectVersion:   Dev-VirtualProduction (64F58936-FD1B-42BA-BA96-7289D5D0FA4E): 1
LogDevObjectVersion:   Dev-MediaFramework (6F0ED827-A609-4895-9C91-998D90180EA4): 2
LogInit: Presizing for max 25165824 objects, including 0 objects not considered by GC, pre-allocating 0 bytes for permanent pool.
LogConfig: Applying CVar settings from Section [/Script/Engine.StreamingSettings] File [C:/Users/Gisela/Documents/Unreal Projects/MiPlataforma/Saved/Config/Windows/Engine.ini]
LogConfig: Setting CVar [[s.MinBulkDataSizeForAsyncLoading:131072]]
LogConfig: Setting CVar [[s.AsyncLoadingThreadEnabled:0]]
LogConfig: Setting CVar [[s.EventDrivenLoaderEnabled:1]]
LogConfig: Setting CVar [[s.WarnIfTimeLimitExceeded:0]]
LogConfig: Setting CVar [[s.TimeLimitExceededMultiplier:1.5]]
LogConfig: Setting CVar [[s.TimeLimitExceededMinTime:0.005]]
LogConfig: Setting CVar [[s.UseBackgroundLevelStreaming:1]]
LogConfig: Setting CVar [[s.PriorityAsyncLoadingExtraTime:15.0]]
LogConfig: Setting CVar [[s.LevelStreamingActorsUpdateTimeLimit:5.0]]
LogConfig: Setting CVar [[s.PriorityLevelStreamingActorsUpdateExtraTime:5.0]]
LogConfig: Setting CVar [[s.LevelStreamingComponentsRegistrationGranularity:10]]
LogConfig: Setting CVar [[s.UnregisterComponentsTimeLimit:1.0]]
LogConfig: Setting CVar [[s.LevelStreamingComponentsUnregistrationGranularity:5]]
LogConfig: Setting CVar [[s.FlushStreamingOnExit:1]]
LogInit: Object subsystem initialized
LogConfig: Setting CVar [[con.DebugEarlyDefault:1]]
LogConfig: Setting CVar [[r.setres:1280x720]]
[2022.07.01-23.56.48:626][  0]LogConfig: Setting CVar [[con.DebugEarlyDefault:1]]
[2022.07.01-23.56.48:626][  0]LogConfig: Setting CVar [[r.setres:1280x720]]
[2022.07.01-23.56.48:626][  0]LogConfig: Applying CVar settings from Section [/Script/Engine.RendererSettings] File [C:/Users/Gisela/Documents/Unreal Projects/MiPlataforma/Saved/Config/Windows/Engine.ini]
[2022.07.01-23.56.48:626][  0]LogConfig: Setting CVar [[r.GPUCrashDebugging:0]]
[2022.07.01-23.56.48:626][  0]LogConfig: Setting CVar [[r.DefaultFeature.AutoExposure:0]]
[2022.07.01-23.56.48:626][  0]LogConfig: Applying CVar settings from Section [/Script/Engine.RendererOverrideSettings] File [C:/Users/Gisela/Documents/Unreal Projects/MiPlataforma/Saved/Config/Windows/Engine.ini]
[2022.07.01-23.56.48:626][  0]LogConfig: Applying CVar settings from Section [/Script/Engine.StreamingSettings] File [C:/Users/Gisela/Documents/Unreal Projects/MiPlataforma/Saved/Config/Windows/Engine.ini]
[2022.07.01-23.56.48:626][  0]LogConfig: Setting CVar [[s.MinBulkDataSizeForAsyncLoading:131072]]
[2022.07.01-23.56.48:626][  0]LogConfig: Setting CVar [[s.AsyncLoadingThreadEnabled:0]]
[2022.07.01-23.56.48:626][  0]LogConfig: Setting CVar [[s.EventDrivenLoaderEnabled:1]]
[2022.07.01-23.56.48:626][  0]LogConfig: Setting CVar [[s.WarnIfTimeLimitExceeded:0]]
[2022.07.01-23.56.48:626][  0]LogConfig: Setting CVar [[s.TimeLimitExceededMultiplier:1.5]]
[2022.07.01-23.56.48:626][  0]LogConfig: Setting CVar [[s.TimeLimitExceededMinTime:0.005]]
[2022.07.01-23.56.48:626][  0]LogConfig: Setting CVar [[s.UseBackgroundLevelStreaming:1]]
[2022.07.01-23.56.48:626][  0]LogConfig: Setting CVar [[s.PriorityAsyncLoadingExtraTime:15.0]]
[2022.07.01-23.56.48:626][  0]LogConfig: Setting CVar [[s.LevelStreamingActorsUpdateTimeLimit:5.0]]
[2022.07.01-23.56.48:626][  0]LogConfig: Setting CVar [[s.PriorityLevelStreamingActorsUpdateExtraTime:5.0]]
[2022.07.01-23.56.48:626][  0]LogConfig: Setting CVar [[s.LevelStreamingComponentsRegistrationGranularity:10]]
[2022.07.01-23.56.48:626][  0]LogConfig: Setting CVar [[s.UnregisterComponentsTimeLimit:1.0]]
[2022.07.01-23.56.48:626][  0]LogConfig: Setting CVar [[s.LevelStreamingComponentsUnregistrationGranularity:5]]
[2022.07.01-23.56.48:626][  0]LogConfig: Setting CVar [[s.FlushStreamingOnExit:1]]
[2022.07.01-23.56.48:626][  0]LogConfig: Applying CVar settings from Section [/Script/Engine.GarbageCollectionSettings] File [C:/Users/Gisela/Documents/Unreal Projects/MiPlataforma/Saved/Config/Windows/Engine.ini]
[2022.07.01-23.56.48:626][  0]LogConfig: Setting CVar [[gc.MaxObjectsNotConsideredByGC:1]]
[2022.07.01-23.56.48:626][  0]LogConfig: Setting CVar [[gc.SizeOfPermanentObjectPool:0]]
[2022.07.01-23.56.48:626][  0]LogConfig: Setting CVar [[gc.FlushStreamingOnGC:0]]
[2022.07.01-23.56.48:626][  0]LogConfig: Setting CVar [[gc.NumRetriesBeforeForcingGC:10]]
[2022.07.01-23.56.48:626][  0]LogConfig: Setting CVar [[gc.AllowParallelGC:1]]
[2022.07.01-23.56.48:626][  0]LogConfig: Setting CVar [[gc.TimeBetweenPurgingPendingKillObjects:61.1]]
[2022.07.01-23.56.48:626][  0]LogConfig: Setting CVar [[gc.MaxObjectsInEditor:25165824]]
[2022.07.01-23.56.48:626][  0]LogConfig: Setting CVar [[gc.IncrementalBeginDestroyEnabled:1]]
[2022.07.01-23.56.48:626][  0]LogConfig: Setting CVar [[gc.CreateGCClusters:1]]
[2022.07.01-23.56.48:626][  0]LogConfig: Setting CVar [[gc.MinGCClusterSize:5]]
[2022.07.01-23.56.48:626][  0]LogConfig: Setting CVar [[gc.ActorClusteringEnabled:0]]
[2022.07.01-23.56.48:626][  0]LogConfig: Setting CVar [[gc.BlueprintClusteringEnabled:0]]
[2022.07.01-23.56.48:626][  0]LogConfig: Setting CVar [[gc.UseDisregardForGCOnDedicatedServers:0]]
[2022.07.01-23.56.48:626][  0]LogConfig: Setting CVar [[gc.MultithreadedDestructionEnabled:1]]
[2022.07.01-23.56.48:626][  0]LogConfig: Applying CVar settings from Section [/Script/Engine.NetworkSettings] File [C:/Users/Gisela/Documents/Unreal Projects/MiPlataforma/Saved/Config/Windows/Engine.ini]
[2022.07.01-23.56.48:626][  0]LogConfig: Applying CVar settings from Section [/Script/UnrealEd.CookerSettings] File [C:/Users/Gisela/Documents/Unreal Projects/MiPlataforma/Saved/Config/Windows/Engine.ini]
[2022.07.01-23.56.48:631][  0]LogConfig: Applying CVar settings from Section [ViewDistanceQuality@3] File [C:/Users/Gisela/Documents/Unreal Projects/MiPlataforma/Saved/Config/Windows/Scalability.ini]
[2022.07.01-23.56.48:631][  0]LogConfig: Setting CVar [[r.SkeletalMeshLODBias:0]]
[2022.07.01-23.56.48:631][  0]LogConfig: Setting CVar [[r.ViewDistanceScale:1.0]]
[2022.07.01-23.56.48:631][  0]LogConfig: Applying CVar settings from Section [AntiAliasingQuality@3] File [C:/Users/Gisela/Documents/Unreal Projects/MiPlataforma/Saved/Config/Windows/Scalability.ini]
[2022.07.01-23.56.48:631][  0]LogConfig: Setting CVar [[r.PostProcessAAQuality:4]]
[2022.07.01-23.56.48:631][  0]LogConfig: Applying CVar settings from Section [ShadowQuality@3] File [C:/Users/Gisela/Documents/Unreal Projects/MiPlataforma/Saved/Config/Windows/Scalability.ini]
[2022.07.01-23.56.48:631][  0]LogConfig: Setting CVar [[r.LightFunctionQuality:1]]
[2022.07.01-23.56.48:631][  0]LogConfig: Setting CVar [[r.ShadowQuality:5]]
[2022.07.01-23.56.48:631][  0]LogConfig: Setting CVar [[r.Shadow.CSM.MaxCascades:10]]
[2022.07.01-23.56.48:631][  0]LogConfig: Setting CVar [[r.Shadow.MaxResolution:2048]]
[2022.07.01-23.56.48:632][  0]LogConfig: Setting CVar [[r.Shadow.MaxCSMResolution:2048]]
[2022.07.01-23.56.48:632][  0]LogConfig: Setting CVar [[r.Shadow.RadiusThreshold:0.01]]
[2022.07.01-23.56.48:632][  0]LogConfig: Setting CVar [[r.Shadow.DistanceScale:1.0]]
[2022.07.01-23.56.48:632][  0]LogConfig: Setting CVar [[r.Shadow.CSM.TransitionScale:1.0]]
[2022.07.01-23.56.48:632][  0]LogConfig: Setting CVar [[r.Shadow.PreShadowResolutionFactor:1.0]]
[2022.07.01-23.56.48:632][  0]LogConfig: Setting CVar [[r.DistanceFieldShadowing:1]]
[2022.07.01-23.56.48:632][  0]LogConfig: Setting CVar [[r.DistanceFieldAO:1]]
[2022.07.01-23.56.48:632][  0]LogConfig: Setting CVar [[r.AOQuality:2]]
[2022.07.01-23.56.48:632][  0]LogConfig: Setting CVar [[r.VolumetricFog:1]]
[2022.07.01-23.56.48:632][  0]LogConfig: Setting CVar [[r.VolumetricFog.GridPixelSize:8]]
[2022.07.01-23.56.48:632][  0]LogConfig: Setting CVar [[r.VolumetricFog.GridSizeZ:128]]
[2022.07.01-23.56.48:632][  0]LogConfig: Setting CVar [[r.VolumetricFog.HistoryMissSupersampleCount:4]]
[2022.07.01-23.56.48:632][  0]LogConfig: Setting CVar [[r.LightMaxDrawDistanceScale:1]]
[2022.07.01-23.56.48:632][  0]LogConfig: Setting CVar [[r.CapsuleShadows:1]]
[2022.07.01-23.56.48:632][  0]LogConfig: Applying CVar settings from Section [PostProcessQuality@3] File [C:/Users/Gisela/Documents/Unreal Projects/MiPlataforma/Saved/Config/Windows/Scalability.ini]
[2022.07.01-23.56.48:632][  0]LogConfig: Setting CVar [[r.MotionBlurQuality:4]]
[2022.07.01-23.56.48:632][  0]LogConfig: Setting CVar [[r.AmbientOcclusionMipLevelFactor:0.4]]
[2022.07.01-23.56.48:632][  0]LogConfig: Setting CVar [[r.AmbientOcclusionMaxQuality:100]]
[2022.07.01-23.56.48:632][  0]LogConfig: Setting CVar [[r.AmbientOcclusionLevels:-1]]
[2022.07.01-23.56.48:632][  0]LogConfig: Setting CVar [[r.AmbientOcclusionRadiusScale:1.0]]
[2022.07.01-23.56.48:632][  0]LogConfig: Setting CVar [[r.DepthOfFieldQuality:2]]
[2022.07.01-23.56.48:632][  0]LogConfig: Setting CVar [[r.RenderTargetPoolMin:400]]
[2022.07.01-23.56.48:632][  0]LogConfig: Setting CVar [[r.LensFlareQuality:2]]
[2022.07.01-23.56.48:632][  0]LogConfig: Setting CVar [[r.SceneColorFringeQuality:1]]
[2022.07.01-23.56.48:632][  0]LogConfig: Setting CVar [[r.EyeAdaptationQuality:2]]
[2022.07.01-23.56.48:632][  0]LogConfig: Setting CVar [[r.BloomQuality:5]]
[2022.07.01-23.56.48:632][  0]LogConfig: Setting CVar [[r.FastBlurThreshold:100]]
[2022.07.01-23.56.48:632][  0]LogConfig: Setting CVar [[r.Upscale.Quality:3]]
[2022.07.01-23.56.48:632][  0]LogConfig: Setting CVar [[r.Tonemapper.GrainQuantization:1]]
[2022.07.01-23.56.48:632][  0]LogConfig: Setting CVar [[r.LightShaftQuality:1]]
[2022.07.01-23.56.48:632][  0]LogConfig: Setting CVar [[r.Filter.SizeScale:1]]
[2022.07.01-23.56.48:632][  0]LogConfig: Setting CVar [[r.Tonemapper.Quality:5]]
[2022.07.01-23.56.48:632][  0]LogConfig: Setting CVar [[r.DOF.Gather.AccumulatorQuality:1        ; higher gathering accumulator quality]]
[2022.07.01-23.56.48:632][  0]LogConfig: Setting CVar [[r.DOF.Gather.PostfilterMethod:1          ; Median3x3 postfilering method]]
[2022.07.01-23.56.48:632][  0]LogConfig: Setting CVar [[r.DOF.Gather.EnableBokehSettings:0       ; no bokeh simulation when gathering]]
[2022.07.01-23.56.48:632][  0]LogConfig: Setting CVar [[r.DOF.Gather.RingCount:4                 ; medium number of samples when gathering]]
[2022.07.01-23.56.48:632][  0]LogConfig: Setting CVar [[r.DOF.Scatter.ForegroundCompositing:1    ; additive foreground scattering]]
[2022.07.01-23.56.48:632][  0]LogConfig: Setting CVar [[r.DOF.Scatter.BackgroundCompositing:2    ; additive background scattering]]
[2022.07.01-23.56.48:632][  0]LogConfig: Setting CVar [[r.DOF.Scatter.EnableBokehSettings:1      ; bokeh simulation when scattering]]
[2022.07.01-23.56.48:632][  0]LogConfig: Setting CVar [[r.DOF.Scatter.MaxSpriteRatio:0.1         ; only a maximum of 10% of scattered bokeh]]
[2022.07.01-23.56.48:632][  0]LogConfig: Setting CVar [[r.DOF.Recombine.Quality:1                ; cheap slight out of focus]]
[2022.07.01-23.56.48:632][  0]LogConfig: Setting CVar [[r.DOF.Recombine.EnableBokehSettings:0    ; no bokeh simulation on slight out of focus]]
[2022.07.01-23.56.48:632][  0]LogConfig: Setting CVar [[r.DOF.TemporalAAQuality:1                ; more stable temporal accumulation]]
[2022.07.01-23.56.48:632][  0]LogConfig: Setting CVar [[r.DOF.Kernel.MaxForegroundRadius:0.025]]
[2022.07.01-23.56.48:632][  0]LogConfig: Setting CVar [[r.DOF.Kernel.MaxBackgroundRadius:0.025]]
[2022.07.01-23.56.48:632][  0]LogConfig: Applying CVar settings from Section [TextureQuality@3] File [C:/Users/Gisela/Documents/Unreal Projects/MiPlataforma/Saved/Config/Windows/Scalability.ini]
[2022.07.01-23.56.48:632][  0]LogConfig: Setting CVar [[r.Streaming.MipBias:0]]
[2022.07.01-23.56.48:632][  0]LogConfig: Setting CVar [[r.Streaming.AmortizeCPUToGPUCopy:0]]
[2022.07.01-23.56.48:632][  0]LogConfig: Setting CVar [[r.Streaming.MaxNumTexturesToStreamPerFrame:0]]
[2022.07.01-23.56.48:632][  0]LogConfig: Setting CVar [[r.Streaming.Boost:1]]
[2022.07.01-23.56.48:632][  0]LogConfig: Setting CVar [[r.MaxAnisotropy:8]]
[2022.07.01-23.56.48:632][  0]LogConfig: Setting CVar [[r.VT.MaxAnisotropy:8]]
[2022.07.01-23.56.48:632][  0]LogConfig: Setting CVar [[r.Streaming.LimitPoolSizeToVRAM:0]]
[2022.07.01-23.56.48:632][  0]LogConfig: Setting CVar [[r.Streaming.PoolSize:1000]]
[2022.07.01-23.56.48:632][  0]LogConfig: Setting CVar [[r.Streaming.MaxEffectiveScreenSize:0]]
[2022.07.01-23.56.48:632][  0]LogConfig: Applying CVar settings from Section [EffectsQuality@3] File [C:/Users/Gisela/Documents/Unreal Projects/MiPlataforma/Saved/Config/Windows/Scalability.ini]
[2022.07.01-23.56.48:632][  0]LogConfig: Setting CVar [[r.TranslucencyLightingVolumeDim:64]]
[2022.07.01-23.56.48:632][  0]LogConfig: Setting CVar [[r.RefractionQuality:2]]
[2022.07.01-23.56.48:632][  0]LogConfig: Setting CVar [[r.SSR.Quality:3]]
[2022.07.01-23.56.48:632][  0]LogConfig: Setting CVar [[r.SSR.HalfResSceneColor:0]]
[2022.07.01-23.56.48:632][  0]LogConfig: Setting CVar [[r.SceneColorFormat:4]]
[2022.07.01-23.56.48:632][  0]LogConfig: Setting CVar [[r.DetailMode:2]]
[2022.07.01-23.56.48:632][  0]LogConfig: Setting CVar [[r.TranslucencyVolumeBlur:1]]
[2022.07.01-23.56.48:632][  0]LogConfig: Setting CVar [[r.MaterialQualityLevel:1 ; High quality]]
[2022.07.01-23.56.48:632][  0]LogConfig: Setting CVar [[r.AnisotropicMaterials:1]]
[2022.07.01-23.56.48:632][  0]LogConfig: Setting CVar [[r.SSS.Scale:1]]
[2022.07.01-23.56.48:633][  0]LogConfig: Setting CVar [[r.SSS.SampleSet:2]]
[2022.07.01-23.56.48:633][  0]LogConfig: Setting CVar [[r.SSS.Quality:1]]
[2022.07.01-23.56.48:633][  0]LogConfig: Setting CVar [[r.SSS.HalfRes:0]]
[2022.07.01-23.56.48:633][  0]LogConfig: Setting CVar [[r.SSGI.Quality:3]]
[2022.07.01-23.56.48:633][  0]LogConfig: Setting CVar [[r.EmitterSpawnRateScale:1.0]]
[2022.07.01-23.56.48:633][  0]LogConfig: Setting CVar [[r.ParticleLightQuality:2]]
[2022.07.01-23.56.48:633][  0]LogConfig: Setting CVar [[r.SkyAtmosphere.AerialPerspectiveLUT.FastApplyOnOpaque:1 ; Always have FastSkyLUT 1 in this case to avoid wrong sky]]
[2022.07.01-23.56.48:633][  0]LogConfig: Setting CVar [[r.SkyAtmosphere.AerialPerspectiveLUT.SampleCountMaxPerSlice:4]]
[2022.07.01-23.56.48:633][  0]LogConfig: Setting CVar [[r.SkyAtmosphere.AerialPerspectiveLUT.DepthResolution:16.0]]
[2022.07.01-23.56.48:633][  0]LogConfig: Setting CVar [[r.SkyAtmosphere.FastSkyLUT:1]]
[2022.07.01-23.56.48:633][  0]LogConfig: Setting CVar [[r.SkyAtmosphere.FastSkyLUT.SampleCountMin:4.0]]
[2022.07.01-23.56.48:633][  0]LogConfig: Setting CVar [[r.SkyAtmosphere.FastSkyLUT.SampleCountMax:128.0]]
[2022.07.01-23.56.48:633][  0]LogConfig: Setting CVar [[r.SkyAtmosphere.SampleCountMin:4.0]]
[2022.07.01-23.56.48:633][  0]LogConfig: Setting CVar [[r.SkyAtmosphere.SampleCountMax:128.0]]
[2022.07.01-23.56.48:633][  0]LogConfig: Setting CVar [[r.SkyAtmosphere.TransmittanceLUT.UseSmallFormat:0]]
[2022.07.01-23.56.48:633][  0]LogConfig: Setting CVar [[r.SkyAtmosphere.TransmittanceLUT.SampleCount:10.0]]
[2022.07.01-23.56.48:633][  0]LogConfig: Setting CVar [[r.SkyAtmosphere.MultiScatteringLUT.SampleCount:15.0]]
[2022.07.01-23.56.48:633][  0]LogConfig: Setting CVar [[r.SkyLight.RealTimeReflectionCapture:1]]
[2022.07.01-23.56.48:633][  0]LogConfig: Applying CVar settings from Section [FoliageQuality@3] File [C:/Users/Gisela/Documents/Unreal Projects/MiPlataforma/Saved/Config/Windows/Scalability.ini]
[2022.07.01-23.56.48:633][  0]LogConfig: Setting CVar [[foliage.DensityScale:1.0]]
[2022.07.01-23.56.48:633][  0]LogConfig: Setting CVar [[grass.DensityScale:1.0]]
[2022.07.01-23.56.48:633][  0]LogConfig: Applying CVar settings from Section [ShadingQuality@3] File [C:/Users/Gisela/Documents/Unreal Projects/MiPlataforma/Saved/Config/Windows/Scalability.ini]
[2022.07.01-23.56.48:633][  0]LogConfig: Setting CVar [[r.HairStrands.SkyLighting.IntegrationType:2]]
[2022.07.01-23.56.48:633][  0]LogConfig: Setting CVar [[r.HairStrands.SkyAO.SampleCount:4]]
[2022.07.01-23.56.48:633][  0]LogConfig: Setting CVar [[r.HairStrands.Visibility.MSAA.SamplePerPixel:4]]
[2022.07.01-23.56.48:633][  0]LogInit: Selected Device Profile: [Windows]
[2022.07.01-23.56.48:633][  0]LogInit: Applying CVar settings loaded from the selected device profile: [Windows]
[2022.07.01-23.56.48:633][  0]LogHAL: Display: Platform has ~ 12 GB [12746625024 / 17179869184 / 12], which maps to Larger [LargestMinGB=32, LargerMinGB=12, DefaultMinGB=8, SmallerMinGB=6, SmallestMinGB=0)
[2022.07.01-23.56.48:633][  0]LogInit: Going up to parent DeviceProfile []
[2022.07.01-23.56.48:633][  0]LogConfig: Applying CVar settings from Section [ViewDistanceQuality@3] File [C:/Users/Gisela/Documents/Unreal Projects/MiPlataforma/Saved/Config/Windows/Scalability.ini]
[2022.07.01-23.56.48:633][  0]LogConfig: Setting CVar [[r.SkeletalMeshLODBias:0]]
[2022.07.01-23.56.48:633][  0]LogConfig: Setting CVar [[r.ViewDistanceScale:1.0]]
[2022.07.01-23.56.48:633][  0]LogConfig: Applying CVar settings from Section [AntiAliasingQuality@3] File [C:/Users/Gisela/Documents/Unreal Projects/MiPlataforma/Saved/Config/Windows/Scalability.ini]
[2022.07.01-23.56.48:633][  0]LogConfig: Setting CVar [[r.PostProcessAAQuality:4]]
[2022.07.01-23.56.48:633][  0]LogConfig: Applying CVar settings from Section [ShadowQuality@3] File [C:/Users/Gisela/Documents/Unreal Projects/MiPlataforma/Saved/Config/Windows/Scalability.ini]
[2022.07.01-23.56.48:633][  0]LogConfig: Setting CVar [[r.LightFunctionQuality:1]]
[2022.07.01-23.56.48:633][  0]LogConfig: Setting CVar [[r.ShadowQuality:5]]
[2022.07.01-23.56.48:633][  0]LogConfig: Setting CVar [[r.Shadow.CSM.MaxCascades:10]]
[2022.07.01-23.56.48:633][  0]LogConfig: Setting CVar [[r.Shadow.MaxResolution:2048]]
[2022.07.01-23.56.48:633][  0]LogConfig: Setting CVar [[r.Shadow.MaxCSMResolution:2048]]
[2022.07.01-23.56.48:633][  0]LogConfig: Setting CVar [[r.Shadow.RadiusThreshold:0.01]]
[2022.07.01-23.56.48:633][  0]LogConfig: Setting CVar [[r.Shadow.DistanceScale:1.0]]
[2022.07.01-23.56.48:633][  0]LogConfig: Setting CVar [[r.Shadow.CSM.TransitionScale:1.0]]
[2022.07.01-23.56.48:633][  0]LogConfig: Setting CVar [[r.Shadow.PreShadowResolutionFactor:1.0]]
[2022.07.01-23.56.48:633][  0]LogConfig: Setting CVar [[r.DistanceFieldShadowing:1]]
[2022.07.01-23.56.48:633][  0]LogConfig: Setting CVar [[r.DistanceFieldAO:1]]
[2022.07.01-23.56.48:633][  0]LogConfig: Setting CVar [[r.AOQuality:2]]
[2022.07.01-23.56.48:633][  0]LogConfig: Setting CVar [[r.VolumetricFog:1]]
[2022.07.01-23.56.48:633][  0]LogConfig: Setting CVar [[r.VolumetricFog.GridPixelSize:8]]
[2022.07.01-23.56.48:633][  0]LogConfig: Setting CVar [[r.VolumetricFog.GridSizeZ:128]]
[2022.07.01-23.56.48:633][  0]LogConfig: Setting CVar [[r.VolumetricFog.HistoryMissSupersampleCount:4]]
[2022.07.01-23.56.48:633][  0]LogConfig: Setting CVar [[r.LightMaxDrawDistanceScale:1]]
[2022.07.01-23.56.48:633][  0]LogConfig: Setting CVar [[r.CapsuleShadows:1]]
[2022.07.01-23.56.48:633][  0]LogConfig: Applying CVar settings from Section [PostProcessQuality@3] File [C:/Users/Gisela/Documents/Unreal Projects/MiPlataforma/Saved/Config/Windows/Scalability.ini]
[2022.07.01-23.56.48:633][  0]LogConfig: Setting CVar [[r.MotionBlurQuality:4]]
[2022.07.01-23.56.48:633][  0]LogConfig: Setting CVar [[r.AmbientOcclusionMipLevelFactor:0.4]]
[2022.07.01-23.56.48:633][  0]LogConfig: Setting CVar [[r.AmbientOcclusionMaxQuality:100]]
[2022.07.01-23.56.48:634][  0]LogConfig: Setting CVar [[r.AmbientOcclusionLevels:-1]]
[2022.07.01-23.56.48:634][  0]LogConfig: Setting CVar [[r.AmbientOcclusionRadiusScale:1.0]]
[2022.07.01-23.56.48:634][  0]LogConfig: Setting CVar [[r.DepthOfFieldQuality:2]]
[2022.07.01-23.56.48:634][  0]LogConfig: Setting CVar [[r.RenderTargetPoolMin:400]]
[2022.07.01-23.56.48:634][  0]LogConfig: Setting CVar [[r.LensFlareQuality:2]]
[2022.07.01-23.56.48:634][  0]LogConfig: Setting CVar [[r.SceneColorFringeQuality:1]]
[2022.07.01-23.56.48:634][  0]LogConfig: Setting CVar [[r.EyeAdaptationQuality:2]]
[2022.07.01-23.56.48:634][  0]LogConfig: Setting CVar [[r.BloomQuality:5]]
[2022.07.01-23.56.48:634][  0]LogConfig: Setting CVar [[r.FastBlurThreshold:100]]
[2022.07.01-23.56.48:634][  0]LogConfig: Setting CVar [[r.Upscale.Quality:3]]
[2022.07.01-23.56.48:634][  0]LogConfig: Setting CVar [[r.Tonemapper.GrainQuantization:1]]
[2022.07.01-23.56.48:634][  0]LogConfig: Setting CVar [[r.LightShaftQuality:1]]
[2022.07.01-23.56.48:634][  0]LogConfig: Setting CVar [[r.Filter.SizeScale:1]]
[2022.07.01-23.56.48:634][  0]LogConfig: Setting CVar [[r.Tonemapper.Quality:5]]
[2022.07.01-23.56.48:634][  0]LogConfig: Setting CVar [[r.DOF.Gather.AccumulatorQuality:1        ; higher gathering accumulator quality]]
[2022.07.01-23.56.48:634][  0]LogConfig: Setting CVar [[r.DOF.Gather.PostfilterMethod:1          ; Median3x3 postfilering method]]
[2022.07.01-23.56.48:634][  0]LogConfig: Setting CVar [[r.DOF.Gather.EnableBokehSettings:0       ; no bokeh simulation when gathering]]
[2022.07.01-23.56.48:634][  0]LogConfig: Setting CVar [[r.DOF.Gather.RingCount:4                 ; medium number of samples when gathering]]
[2022.07.01-23.56.48:634][  0]LogConfig: Setting CVar [[r.DOF.Scatter.ForegroundCompositing:1    ; additive foreground scattering]]
[2022.07.01-23.56.48:634][  0]LogConfig: Setting CVar [[r.DOF.Scatter.BackgroundCompositing:2    ; additive background scattering]]
[2022.07.01-23.56.48:634][  0]LogConfig: Setting CVar [[r.DOF.Scatter.EnableBokehSettings:1      ; bokeh simulation when scattering]]
[2022.07.01-23.56.48:634][  0]LogConfig: Setting CVar [[r.DOF.Scatter.MaxSpriteRatio:0.1         ; only a maximum of 10% of scattered bokeh]]
[2022.07.01-23.56.48:634][  0]LogConfig: Setting CVar [[r.DOF.Recombine.Quality:1                ; cheap slight out of focus]]
[2022.07.01-23.56.48:634][  0]LogConfig: Setting CVar [[r.DOF.Recombine.EnableBokehSettings:0    ; no bokeh simulation on slight out of focus]]
[2022.07.01-23.56.48:634][  0]LogConfig: Setting CVar [[r.DOF.TemporalAAQuality:1                ; more stable temporal accumulation]]
[2022.07.01-23.56.48:634][  0]LogConfig: Setting CVar [[r.DOF.Kernel.MaxForegroundRadius:0.025]]
[2022.07.01-23.56.48:634][  0]LogConfig: Setting CVar [[r.DOF.Kernel.MaxBackgroundRadius:0.025]]
[2022.07.01-23.56.48:634][  0]LogConfig: Applying CVar settings from Section [TextureQuality@3] File [C:/Users/Gisela/Documents/Unreal Projects/MiPlataforma/Saved/Config/Windows/Scalability.ini]
[2022.07.01-23.56.48:634][  0]LogConfig: Setting CVar [[r.Streaming.MipBias:0]]
[2022.07.01-23.56.48:634][  0]LogConfig: Setting CVar [[r.Streaming.AmortizeCPUToGPUCopy:0]]
[2022.07.01-23.56.48:634][  0]LogConfig: Setting CVar [[r.Streaming.MaxNumTexturesToStreamPerFrame:0]]
[2022.07.01-23.56.48:634][  0]LogConfig: Setting CVar [[r.Streaming.Boost:1]]
[2022.07.01-23.56.48:634][  0]LogConfig: Setting CVar [[r.MaxAnisotropy:8]]
[2022.07.01-23.56.48:634][  0]LogConfig: Setting CVar [[r.VT.MaxAnisotropy:8]]
[2022.07.01-23.56.48:634][  0]LogConfig: Setting CVar [[r.Streaming.LimitPoolSizeToVRAM:0]]
[2022.07.01-23.56.48:634][  0]LogConfig: Setting CVar [[r.Streaming.PoolSize:1000]]
[2022.07.01-23.56.48:634][  0]LogConfig: Setting CVar [[r.Streaming.MaxEffectiveScreenSize:0]]
[2022.07.01-23.56.48:634][  0]LogConfig: Applying CVar settings from Section [EffectsQuality@3] File [C:/Users/Gisela/Documents/Unreal Projects/MiPlataforma/Saved/Config/Windows/Scalability.ini]
[2022.07.01-23.56.48:634][  0]LogConfig: Setting CVar [[r.TranslucencyLightingVolumeDim:64]]
[2022.07.01-23.56.48:634][  0]LogConfig: Setting CVar [[r.RefractionQuality:2]]
[2022.07.01-23.56.48:634][  0]LogConfig: Setting CVar [[r.SSR.Quality:3]]
[2022.07.01-23.56.48:634][  0]LogConfig: Setting CVar [[r.SSR.HalfResSceneColor:0]]
[2022.07.01-23.56.48:634][  0]LogConfig: Setting CVar [[r.SceneColorFormat:4]]
[2022.07.01-23.56.48:634][  0]LogConfig: Setting CVar [[r.DetailMode:2]]
[2022.07.01-23.56.48:634][  0]LogConfig: Setting CVar [[r.TranslucencyVolumeBlur:1]]
[2022.07.01-23.56.48:634][  0]LogConfig: Setting CVar [[r.MaterialQualityLevel:1 ; High quality]]
[2022.07.01-23.56.48:634][  0]LogConfig: Setting CVar [[r.AnisotropicMaterials:1]]
[2022.07.01-23.56.48:634][  0]LogConfig: Setting CVar [[r.SSS.Scale:1]]
[2022.07.01-23.56.48:634][  0]LogConfig: Setting CVar [[r.SSS.SampleSet:2]]
[2022.07.01-23.56.48:634][  0]LogConfig: Setting CVar [[r.SSS.Quality:1]]
[2022.07.01-23.56.48:634][  0]LogConfig: Setting CVar [[r.SSS.HalfRes:0]]
[2022.07.01-23.56.48:634][  0]LogConfig: Setting CVar [[r.SSGI.Quality:3]]
[2022.07.01-23.56.48:634][  0]LogConfig: Setting CVar [[r.EmitterSpawnRateScale:1.0]]
[2022.07.01-23.56.48:634][  0]LogConfig: Setting CVar [[r.ParticleLightQuality:2]]
[2022.07.01-23.56.48:634][  0]LogConfig: Setting CVar [[r.SkyAtmosphere.AerialPerspectiveLUT.FastApplyOnOpaque:1 ; Always have FastSkyLUT 1 in this case to avoid wrong sky]]
[2022.07.01-23.56.48:634][  0]LogConfig: Setting CVar [[r.SkyAtmosphere.AerialPerspectiveLUT.SampleCountMaxPerSlice:4]]
[2022.07.01-23.56.48:634][  0]LogConfig: Setting CVar [[r.SkyAtmosphere.AerialPerspectiveLUT.DepthResolution:16.0]]
[2022.07.01-23.56.48:634][  0]LogConfig: Setting CVar [[r.SkyAtmosphere.FastSkyLUT:1]]
[2022.07.01-23.56.48:634][  0]LogConfig: Setting CVar [[r.SkyAtmosphere.FastSkyLUT.SampleCountMin:4.0]]
[2022.07.01-23.56.48:634][  0]LogConfig: Setting CVar [[r.SkyAtmosphere.FastSkyLUT.SampleCountMax:128.0]]
[2022.07.01-23.56.48:634][  0]LogConfig: Setting CVar [[r.SkyAtmosphere.SampleCountMin:4.0]]
[2022.07.01-23.56.48:634][  0]LogConfig: Setting CVar [[r.SkyAtmosphere.SampleCountMax:128.0]]
[2022.07.01-23.56.48:634][  0]LogConfig: Setting CVar [[r.SkyAtmosphere.TransmittanceLUT.UseSmallFormat:0]]
[2022.07.01-23.56.48:634][  0]LogConfig: Setting CVar [[r.SkyAtmosphere.TransmittanceLUT.SampleCount:10.0]]
[2022.07.01-23.56.48:634][  0]LogConfig: Setting CVar [[r.SkyAtmosphere.MultiScatteringLUT.SampleCount:15.0]]
[2022.07.01-23.56.48:634][  0]LogConfig: Setting CVar [[r.SkyLight.RealTimeReflectionCapture:1]]
[2022.07.01-23.56.48:634][  0]LogConfig: Applying CVar settings from Section [FoliageQuality@3] File [C:/Users/Gisela/Documents/Unreal Projects/MiPlataforma/Saved/Config/Windows/Scalability.ini]
[2022.07.01-23.56.48:634][  0]LogConfig: Setting CVar [[foliage.DensityScale:1.0]]
[2022.07.01-23.56.48:634][  0]LogConfig: Setting CVar [[grass.DensityScale:1.0]]
[2022.07.01-23.56.48:635][  0]LogConfig: Applying CVar settings from Section [ShadingQuality@3] File [C:/Users/Gisela/Documents/Unreal Projects/MiPlataforma/Saved/Config/Windows/Scalability.ini]
[2022.07.01-23.56.48:635][  0]LogConfig: Setting CVar [[r.HairStrands.SkyLighting.IntegrationType:2]]
[2022.07.01-23.56.48:635][  0]LogConfig: Setting CVar [[r.HairStrands.SkyAO.SampleCount:4]]
[2022.07.01-23.56.48:635][  0]LogConfig: Setting CVar [[r.HairStrands.Visibility.MSAA.SamplePerPixel:4]]
[2022.07.01-23.56.48:635][  0]LogConfig: Applying CVar settings from Section [Startup] File [../../../Engine/Config/ConsoleVariables.ini]
[2022.07.01-23.56.48:635][  0]LogConfig: Setting CVar [[net.UseAdaptiveNetUpdateFrequency:0]]
[2022.07.01-23.56.48:635][  0]LogConfig: Setting CVar [[p.chaos.AllowCreatePhysxBodies:1]]
[2022.07.01-23.56.48:635][  0]LogConfig: Setting CVar [[fx.SkipVectorVMBackendOptimizations:1]]
[2022.07.01-23.56.48:635][  0]LogConfig: Applying CVar settings from Section [ConsoleVariables] File [C:/Users/Gisela/Documents/Unreal Projects/MiPlataforma/Saved/Config/Windows/Engine.ini]
[2022.07.01-23.56.48:635][  0]LogConfig: Applying CVar settings from Section [ConsoleVariables] File [C:/Users/Gisela/Documents/Unreal Projects/MiPlataforma/Saved/Config/Windows/Editor.ini]
[2022.07.01-23.56.48:636][  0]LogInit: Computer: LAPTOP-EEL9TM6A
[2022.07.01-23.56.48:636][  0]LogInit: User: Gisela
[2022.07.01-23.56.48:636][  0]LogInit: CPU Page size=4096, Cores=2
[2022.07.01-23.56.48:636][  0]LogInit: High frequency timer resolution =10.000000 MHz
[2022.07.01-23.56.48:636][  0]LogMemory: Memory total: Physical=11.9GB (12GB approx)
[2022.07.01-23.56.48:636][  0]LogMemory: Platform Memory Stats for Windows
[2022.07.01-23.56.48:636][  0]LogMemory: Process Physical Memory: 143.23 MB used, 143.24 MB peak
[2022.07.01-23.56.48:636][  0]LogMemory: Process Virtual Memory: 130.98 MB used, 130.98 MB peak
[2022.07.01-23.56.48:636][  0]LogMemory: Physical Memory: 6642.35 MB used,  5513.78 MB free, 12156.13 MB total
[2022.07.01-23.56.48:636][  0]LogMemory: Virtual Memory: 134213480.00 MB used,  4246.93 MB free, 134217728.00 MB total
[2022.07.01-23.56.48:642][  0]LogWindows: WindowsPlatformFeatures enabled
[2022.07.01-23.56.48:671][  0]LogInit: Physics initialised using underlying interface: PhysX
[2022.07.01-23.56.48:672][  0]LogInit: Using OS detected language (es-ES).
[2022.07.01-23.56.48:672][  0]LogInit: Using OS detected locale (es-AR).
[2022.07.01-23.56.48:679][  0]LogTextLocalizationManager: No specific localization for 'es-ES' exists, so the 'es' localization will be used.
[2022.07.01-23.56.49:767][  0]LogWindowsTextInputMethodSystem: Display: IME system deactivated.
[2022.07.01-23.56.50:073][  0]LogSlate: New Slate User Created.  User Index 0, Is Virtual User: 0
[2022.07.01-23.56.50:073][  0]LogSlate: Slate User Registered.  User Index 0, Is Virtual User: 0
[2022.07.01-23.56.50:088][  0]LogD3D11RHI: Loaded GFSDK_Aftermath_Lib.x64.dll
[2022.07.01-23.56.50:091][  0]LogHMD: Failed to initialize OpenVR with code 110
[2022.07.01-23.56.50:091][  0]LogD3D11RHI: D3D11 min allowed feature level: 11_0
[2022.07.01-23.56.50:091][  0]LogD3D11RHI: D3D11 max allowed feature level: 11_0
[2022.07.01-23.56.50:091][  0]LogD3D11RHI: D3D11 adapters:
[2022.07.01-23.56.50:102][  0]LogD3D11RHI:    0. 'Intel(R) HD Graphics 620' (Feature Level 11_0)
[2022.07.01-23.56.50:102][  0]LogD3D11RHI:       128/0/6078 MB DedicatedVideo/DedicatedSystem/SharedSystem, Outputs:1, VendorId:0x8086
[2022.07.01-23.56.50:105][  0]LogD3D11RHI:    1. 'Microsoft Basic Render Driver' (Feature Level 11_0)
[2022.07.01-23.56.50:105][  0]LogD3D11RHI:       0/0/6078 MB DedicatedVideo/DedicatedSystem/SharedSystem, Outputs:0, VendorId:0x1414
[2022.07.01-23.56.50:105][  0]LogD3D11RHI: Chosen D3D11 Adapter:
[2022.07.01-23.56.50:105][  0]LogD3D11RHI:     Description : Intel(R) HD Graphics 620
[2022.07.01-23.56.50:105][  0]LogD3D11RHI:     VendorId    : 8086
[2022.07.01-23.56.50:105][  0]LogD3D11RHI:     DeviceId    : 5916
[2022.07.01-23.56.50:105][  0]LogD3D11RHI:     SubSysId    : 110f1025
[2022.07.01-23.56.50:105][  0]LogD3D11RHI:     Revision    : 0002
[2022.07.01-23.56.50:105][  0]LogD3D11RHI:     DedicatedVideoMemory : 134217728 bytes
[2022.07.01-23.56.50:105][  0]LogD3D11RHI:     DedicatedSystemMemory : 0 bytes
[2022.07.01-23.56.50:105][  0]LogD3D11RHI:     SharedSystemMemory : 6373312512 bytes
[2022.07.01-23.56.50:105][  0]LogD3D11RHI:     AdapterLuid : 0 48744
[2022.07.01-23.56.50:125][  0]LogD3D11RHI: Creating new Direct3DDevice
[2022.07.01-23.56.50:125][  0]LogD3D11RHI:     GPU DeviceId: 0x5916 (for the marketing name, search the web for "GPU Device Id")
[2022.07.01-23.56.50:125][  0]LogWindows: EnumDisplayDevices:
[2022.07.01-23.56.50:125][  0]LogWindows:    0. 'Intel(R) HD Graphics 620' (P:1 D:1)
[2022.07.01-23.56.50:125][  0]LogWindows:    1. 'Intel(R) HD Graphics 620' (P:0 D:0)
[2022.07.01-23.56.50:126][  0]LogWindows:    2. 'Intel(R) HD Graphics 620' (P:0 D:0)
[2022.07.01-23.56.50:126][  0]LogWindows: DebugString: FoundDriverCount:3 
[2022.07.01-23.56.50:126][  0]LogD3D11RHI:     Adapter Name: Intel(R) HD Graphics 620
[2022.07.01-23.56.50:126][  0]LogD3D11RHI:   Driver Version: 21.20.16.4534 (internal:21.20.16.4534, unified:21.20.16.4534)
[2022.07.01-23.56.50:126][  0]LogD3D11RHI:      Driver Date: 10-7-2016
[2022.07.01-23.56.50:126][  0]LogRHI: Texture pool is 1523 MB (70% of 2176 MB)
[2022.07.01-23.56.50:126][  0]LogD3D11RHI: Creating D3DDevice using adapter:
[2022.07.01-23.56.50:126][  0]LogD3D11RHI:     Description : Intel(R) HD Graphics 620
[2022.07.01-23.56.50:126][  0]LogD3D11RHI:     VendorId    : 8086
[2022.07.01-23.56.50:126][  0]LogD3D11RHI:     DeviceId    : 5916
[2022.07.01-23.56.50:126][  0]LogD3D11RHI:     SubSysId    : 110f1025
[2022.07.01-23.56.50:126][  0]LogD3D11RHI:     Revision    : 0002
[2022.07.01-23.56.50:126][  0]LogD3D11RHI:     DedicatedVideoMemory : 134217728 bytes
[2022.07.01-23.56.50:126][  0]LogD3D11RHI:     DedicatedSystemMemory : 0 bytes
[2022.07.01-23.56.50:126][  0]LogD3D11RHI:     SharedSystemMemory : 6373312512 bytes
[2022.07.01-23.56.50:126][  0]LogD3D11RHI:     AdapterLuid : 0 48744
[2022.07.01-23.56.50:133][  0]LogD3D11RHI: RHI does not have support for 64 bit atomics
[2022.07.01-23.56.50:181][  0]LogD3D11RHI: Intel Extensions Framework not found
[2022.07.01-23.56.50:181][  0]LogD3D11RHI: Async texture creation enabled
[2022.07.01-23.56.50:181][  0]LogD3D11RHI: Array index from any shader is supported
[2022.07.01-23.56.50:191][  0]LogD3D11RHI: GPU Timing Frequency: 12.000000 (Debug: 2 0)
[2022.07.01-23.56.50:715][  0]LogTargetPlatformManager: Display: Loaded TargetPlatform 'WindowsNoEditor'
[2022.07.01-23.56.50:720][  0]LogTargetPlatformManager: Display: Loaded TargetPlatform 'Windows'
[2022.07.01-23.56.50:726][  0]LogTargetPlatformManager: Display: Loaded TargetPlatform 'WindowsClient'
[2022.07.01-23.56.50:732][  0]LogTargetPlatformManager: Display: Loaded TargetPlatform 'WindowsServer'
[2022.07.01-23.56.50:732][  0]LogTargetPlatformManager: Display: Building Assets For Windows
[2022.07.01-23.56.50:740][  0]LogAudioDebug: Display: Lib vorbis DLL was dynamically loaded.
[2022.07.01-23.56.50:780][  0]LogTextureFormatOodle: Display: Oodle Texture 2.9.0 init RDO Off
[2022.07.01-23.56.50:819][  0]LogRendererCore: Ray tracing is disabled. Reason: r.RayTracing=0.
[2022.07.01-23.56.50:819][  0]LogShaderCompilers: Guid format shader working directory is -23 characters bigger than the processId version (../../../../../../Users/Gisela/Documents/Unreal Projects/MiPlataforma/Intermediate/Shaders/WorkingDirectory/92404/).
[2022.07.01-23.56.50:820][  0]LogShaderCompilers: Cleaned the shader compiler working directory 'C:/Users/Gisela/AppData/Local/Temp/UnrealShaderWorkingDir/468CE05A4E5B34BDEF2F65A9C2060506/'.
[2022.07.01-23.56.50:820][  0]LogXGEController: Cannot use XGE Controller as Incredibuild is not installed on this machine.
[2022.07.01-23.56.50:820][  0]LogShaderCompilers: Cannot use XGE Shader Compiler as Incredibuild is not installed on this machine.
[2022.07.01-23.56.50:820][  0]LogShaderCompilers: Display: Using Local Shader Compiler.
[2022.07.01-23.56.51:857][  0]LogDerivedDataCache: Display: Max Cache Size: 512 MB
[2022.07.01-23.56.51:991][  0]LogDerivedDataCache: Loaded boot cache 0.13s 94MB C:/Users/Gisela/AppData/Local/UnrealEngine/4.27/DerivedDataCache/Boot.ddc.
[2022.07.01-23.56.51:991][  0]LogDerivedDataCache: Display: Loaded Boot cache: C:/Users/Gisela/AppData/Local/UnrealEngine/4.27/DerivedDataCache/Boot.ddc
[2022.07.01-23.56.51:992][  0]LogDerivedDataCache: FDerivedDataBackendGraph:  Pak pak cache file ../../../../../../Users/Gisela/Documents/Unreal Projects/MiPlataforma/DerivedDataCache/DDC.ddp not found, will not use a pak cache.
[2022.07.01-23.56.51:992][  0]LogDerivedDataCache: Unable to find inner node Pak for hierarchical cache Hierarchy.
[2022.07.01-23.56.51:992][  0]LogDerivedDataCache: FDerivedDataBackendGraph:  CompressedPak pak cache file ../../../../../../Users/Gisela/Documents/Unreal Projects/MiPlataforma/DerivedDataCache/Compressed.ddp not found, will not use a pak cache.
[2022.07.01-23.56.51:992][  0]LogDerivedDataCache: Unable to find inner node CompressedPak for hierarchical cache Hierarchy.
[2022.07.01-23.56.52:015][  0]LogDerivedDataCache: Display: Pak cache opened for reading ../../../Engine/DerivedDataCache/Compressed.ddp.
[2022.07.01-23.56.52:015][  0]LogDerivedDataCache: FDerivedDataBackendGraph:  EnterprisePak pak cache file ../../../Enterprise/DerivedDataCache/Compressed.ddp not found, will not use a pak cache.
[2022.07.01-23.56.52:015][  0]LogDerivedDataCache: Unable to find inner node EnterprisePak for hierarchical cache Hierarchy.
[2022.07.01-23.56.52:037][  0]LogDerivedDataCache: Speed tests for C:/Users/Gisela/AppData/Local/UnrealEngine/Common/DerivedDataCache took 0.02 seconds
[2022.07.01-23.56.52:037][  0]LogDerivedDataCache: Display: Performance to C:/Users/Gisela/AppData/Local/UnrealEngine/Common/DerivedDataCache: Latency=0.12ms. RandomReadSpeed=106.31MBs, RandomWriteSpeed=85.74MBs. Assigned SpeedClass 'Local'
[2022.07.01-23.56.52:041][  0]LogDerivedDataCache: Using Local data cache path C:/Users/Gisela/AppData/Local/UnrealEngine/Common/DerivedDataCache: Writable
[2022.07.01-23.56.52:041][  0]LogDerivedDataCache: Shared data cache path not found in *engine.ini, will not use an Shared cache.
[2022.07.01-23.56.52:041][  0]LogDerivedDataCache: Unable to find inner node Shared for hierarchical cache Hierarchy.
[2022.07.01-23.56.52:553][  0]LogSlate: Using FreeType 2.10.0
[2022.07.01-23.56.52:553][  0]LogSlate: SlateFontServices - WITH_FREETYPE: 1, WITH_HARFBUZZ: 1
[2022.07.01-23.56.52:972][  0]LogInit: Using OS detected language (es-ES).
[2022.07.01-23.56.52:972][  0]LogInit: Using OS detected locale (es-AR).
[2022.07.01-23.56.52:972][  0]LogTextLocalizationManager: No localization for 'es-ES' exists, so 'en' will be used for the language.
[2022.07.01-23.56.52:972][  0]LogTextLocalizationManager: No localization for 'es-AR' exists, so 'en' will be used for the locale.
[2022.07.01-23.56.52:972][  0]LogSlate: FontCache flush requested. Reason: Culture for localization was changed
[2022.07.01-23.56.52:972][  0]LogSlate: FontCache flush requested. Reason: Culture for localization was changed
[2022.07.01-23.56.53:010][  0]LogAssetRegistry: FAssetRegistry took 0.0045 seconds to start up
[2022.07.01-23.56.53:364][  0]LogTextLocalizationManager: Compacting localization data took   0.01ms
[2022.07.01-23.56.53:364][  0]LogPackageLocalizationCache: Processed 27 localized package path(s) for 1 prioritized culture(s) in 0.027682 seconds
[2022.07.01-23.56.53:476][  0]LogInit: Selected Device Profile: [Windows]
[2022.07.01-23.56.53:476][  0]LogInit: Active device profile: [000001765C438F00][0000017646B21900 49] Windows
[2022.07.01-23.56.53:476][  0]LogInit: Profiles: [000001765C438F00][0000017646B21900 49] Windows, [000001765C406400][0000017646B1DA40 49] WindowsNoEditor, [000001765C439F00][0000017655D0FB80 49] WindowsServer, [000001765C405600][0000017655D12140 49] WindowsClient, [000001765C439000][0000017655D1A2C0 49] IOS, [000001765C407A00][0000017655A66440 49] iPadAir, [000001765C43B300][0000017655A6A5C0 49] iPadAir2, [000001765C3A9300][0000017655A72880 49] IPadPro, [000001765C3A9400][0000017655A6E8C0 49] iPadAir3, [000001765C404B00][0000017655A76A40 49] iPadAir4, [000001765C3AA100][0000017655A7ABC0 49] iPadMini2, [000001765C407400][0000017655A7ED40 49] iPadMini3, [000001765C3AAC00][0000017655A82EC0 49] iPadMini4, [000001765C406700][0000017655A87040 49] iPadMini5, [000001765C3C0E00][0000017655A8F300 49] iPhone6, [000001765C3C0F00][0000017655A8B340 49] iPodTouch6, [000001765C43A800][0000017655A97600 49] iPhone7, [000001765C43A900][0000017655A93640 49] iPodTouch7, [000001765C3A8C00][0000017655A9B7C0 49] iPhone5S, [000001765C439300][0000017655A9F940 49] iPhone6Plus, [000001765C3AAA00][0000017655AA3AC0 49] iPhone6S, [000001765C43AD00][0000017655D17C00 49] iPhone6SPlus, [000001765C3C0100][0000017655AA61C0 49] iPhone7Plus, [000001765C3A9D00][0000017655AAA300 49] iPhoneSE, [000001765C3C0C00][0000017646F3E480 49] iPhone8, [000001765C3A8400][0000017646F42600 49] iPhone8Plus, [000001765C3C2A00][0000017646F46780 49] iPhoneX, [000001765C3ABC00][0000017646F4A900 49] iPhoneXS, [000001765C3C2900][0000017646F4EA80 49] iPhoneXSMax, [000001765C3A8B00][0000017646F52C00 49] iPhoneXR, [000001765C43B800][0000017646F56D80 49] iPhone11, [000001765C3ABD00][0000017646F5AF00 49] iPhone11Pro, [000001765C439C00][0000017646F5F080 49] iPhone11ProMax, [000001765C3A9100][0000017646F63200 49] iPhoneSE2, [000001765C439200][0000017646F67380 49] iPhone12Mini, [000001765C3AB100][0000017646F6B500 49] iPhone12, [000001765C438900][0000017646F6F680 49] iPhone12Pro, [000001765C3A8D00][0000017646F73800 49] iPhone12ProMax, [000001765C43BC00][0000017646F77980 49] iPadPro105, [000001765C3AB700][0000017646F7BB00 49] iPadPro129, [000001765C43B000][0000017646F7E100 49] iPadPro97, [000001765C3A8F00][0000017655AAE240 49] iPadPro2_129, [000001765C438C00][0000017646F82380 49] iPad5, [000001765C3ABB00][0000017646F864C0 49] iPad6, [000001765C438400][0000017646F8E640 49] iPad7, [000001765C3ABE00][0000017646F927C0 49] iPad8, [000001765C439400][0000017646F96940 49] iPadPro11, [000001765C3AA400][0000017646F9AAC0 49] iPadPro2_11, [000001765C438800][0000017646F9EC40 49] iPadPro3_129, [000001765C3AA800][0000017646FA2DC0 49] iPadPro4_129, [000001765C43AF00][0000017646FA6F40 49] AppleTV, [000001765C3A9900][0000017646FAB0C0 49] AppleTV4K, [000001765C439700][0000017646FAF240 49] TVOS, [000001765C3A9500][0000017646FB33C0 49] Mac, [000001765C439B00][0000017646FB7540 49] MacClient, [000001765C3AA500][0000017646FBB6C0 49] MacNoEditor, [000001765C438500][0000017646FBF840 49] MacServer, [000001765C3AA000][0000017646FC39C0 49] Linux, [000001765C43BB00][0000017655F39B40 49] LinuxAArch64, [000001765C3A8100][0000017655F3C140 49] LinuxNoEditor, [000001765C43B700][0000017655F402C0 49] LinuxAArch64NoEditor, [000001765C3AA900][0000017646F8A400 49] LinuxClient, [000001765C43A600][0000017655F44540 49] LinuxAArch64Client, [000001765C3A8A00][0000017655F48680 49] LinuxServer, [000001765C438200][0000017655F4C7C0 49] LinuxAArch64Server, [000001765C3AA300][0000017655F54940 49] Android, [000001765C43A100][0000017655F58AC0 49] Android_Low, [000001765C3A9E00][0000017655F5CC40 49] Android_Mid, [000001765C43BA00][0000017655F60DC0 49] Android_High, [000001765C3AAD00][0000017655F64F40 49] Android_Default, [000001765C438600][0000017655F690C0 49] Android_Adreno4xx, [000001765C3A8300][0000017655F6D240 49] Android_Adreno5xx_Low, [000001765C43AA00][0000017655F713C0 49] Android_Adreno5xx, [000001765C3AAB00][0000017655F75540 49] Android_Adreno6xx, [000001765C438B00][0000017655F796C0 49] Android_Adreno6xx_Vulkan, [000001765C3A9600][0000017655F7D840 49] Android_Mali_T6xx, [000001765C438700][0000017655F819C0 49] Android_Mali_T7xx, [000001765C405A00][0000017655F85B40 49] Android_Mali_T8xx, [000001765C3C0300][0000017655F88140 49] Android_Mali_G71, [000001765C404600][0000017655F8C2C0 49] Android_Mali_G72, [000001765C3C1200][0000017655F90440 49] Android_Mali_G72_Vulkan, [000001765C407D00][0000017655F50580 49] Android_Mali_G76, [000001765C3C0700][0000017655F946C0 49] Android_Mali_G76_Vulkan, [000001765C407C00][0000017655F98800 49] Android_Mali_G77, [000001765C3C3B00][0000017655F9C940 49] Android_Mali_G77_Vulkan, [000001765C405B00][0000017655FA4AC0 49] Android_Mali_G78, [000001765C3C3100][0000017655FA8C40 49] Android_Mali_G78_Vulkan, [000001765C407900][0000017655FACDC0 49] Android_Mali_G710, [000001765C3C1B00][0000017655FB0F40 49] Android_Mali_G710_Vulkan, [000001765C407600][0000017655FB50C0 49] Android_Vulkan_SM5, [000001765C3C3800][0000017655FB9240 49] Android_PowerVR_G6xxx, [000001765C405900][0000017655FBD3C0 49] Android_PowerVR_GT7xxx, [000001765C3C1D00][0000017655FC1540 49] Android_PowerVR_GE8xxx, [000001765C406D00][0000017655FC56C0 49] Android_PowerVR_GM9xxx, [000001765C3C0800][0000017655FC9840 49] Android_PowerVR_GM9xxx_Vulkan, [000001765C405C00][0000017655FCD9C0 49] Android_TegraK1, [000001765C3C1000][0000017655FD1B40 49] Android_Unknown_Vulkan, [000001765C406300][0000017655FD4140 49] Lumin, [000001765C3C3E00][0000017655FD82C0 49] Lumin_Desktop, [000001765C406B00][0000017655FDC440 49] HoloLens, 
[2022.07.01-23.56.53:544][  0]LogMeshReduction: Using QuadricMeshReduction for automatic static mesh reduction
[2022.07.01-23.56.53:544][  0]LogMeshReduction: Using SimplygonMeshReduction for automatic skeletal mesh reduction
[2022.07.01-23.56.53:544][  0]LogMeshReduction: Using ProxyLODMeshReduction for automatic mesh merging
[2022.07.01-23.56.53:544][  0]LogMeshReduction: No distributed automatic mesh merging module available
[2022.07.01-23.56.53:544][  0]LogMeshMerging: No distributed automatic mesh merging module available
[2022.07.01-23.56.53:708][  0]LogNetVersion: MiPlataforma 1.0.0, NetCL: 17155196, EngineNetVer: 17, GameNetVer: 0 (Checksum: 4008083211)
[2022.07.01-23.56.54:089][  0]LogTexture: Default maximum texture size for cubemaps generated from long-lat sources has been changed from 512 to unlimited. In order to preserve old behaiour for '/Engine/MapTemplates/Sky/DaylightAmbientCubemap.DaylightAmbientCubemap', its maximum texture size has been explicitly set to 512.
[2022.07.01-23.56.54:162][  0]LogHMD: PokeAHoleMaterial loaded successfully
[2022.07.01-23.56.54:635][  0]LogMoviePlayer: Initializing movie player
[2022.07.01-23.56.54:798][  0]LogNiagaraDebuggerClient: Niagara Debugger Client Initialized | Session: CC144408414CA1D645C5D59A57369812 | Instance: D523A5914EB8FBF58911DD8B0DC06649 (LAPTOP-EEL9TM6A-92404).
[2022.07.01-23.56.54:828][  0]LogCollectionManager: Loaded 0 collections in 0.002735 seconds
[2022.07.01-23.56.54:831][  0]LogFileCache: Scanning file cache for directory 'C:/Users/Gisela/Documents/Unreal Projects/MiPlataforma/Saved/Collections/' took 0.00s
[2022.07.01-23.56.54:831][  0]LogFileCache: Scanning file cache for directory 'C:/Users/Gisela/Documents/Unreal Projects/MiPlataforma/Content/Developers/Gisela/Collections/' took 0.00s
[2022.07.01-23.56.54:831][  0]LogCollectionManager: Fixed up redirectors for 0 collections in 0.000002 seconds (updated 0 objects)
[2022.07.01-23.56.54:854][  0]LogFileCache: Scanning file cache for directory 'C:/Users/Gisela/Documents/Unreal Projects/MiPlataforma/Content/Collections/' took 0.00s
[2022.07.01-23.56.54:854][  0]LogPython: Using Python 3.7.7
[2022.07.01-23.56.55:557][  0]LogTcpMessaging: Initializing TcpMessaging bridge
[2022.07.01-23.56.55:561][  0]LogUdpMessaging: Initializing bridge on interface 0.0.0.0:0 to multicast group 230.0.0.1:6666.
[2022.07.01-23.56.55:675][  0]SourceControl: Source control is disabled
[2022.07.01-23.56.55:675][  0]SourceControl: Source control is disabled
[2022.07.01-23.56.55:678][  0]SourceControl: Source control is disabled
[2022.07.01-23.56.55:685][  0]LogUProjectInfo: Found projects:
[2022.07.01-23.56.55:785][  0]LogOpenImageDenoise: OIDN starting up
[2022.07.01-23.56.55:835][  0]LogAndroidPermission: UAndroidPermissionCallbackProxy::GetInstance
[2022.07.01-23.56.55:863][  0]LogAudioCaptureCore: Display: No Audio Capture implementations found. Audio input will be silent.
[2022.07.01-23.56.55:863][  0]LogAudioCaptureCore: Display: No Audio Capture implementations found. Audio input will be silent.
[2022.07.01-23.56.55:951][  0]LogOcInput: OculusInput pre-init called
[2022.07.01-23.56.55:961][  0]LogUObjectArray: 22121 objects as part of root set at end of initial load.
[2022.07.01-23.56.55:961][  0]LogUObjectAllocator: 5975632 out of 0 bytes used by permanent object pool.
[2022.07.01-23.56.55:961][  0]LogUObjectArray: CloseDisregardForGC: 0/0 objects in disregard for GC pool
[2022.07.01-23.56.56:015][  0]LogEngine: Initializing Engine...
[2022.07.01-23.56.56:018][  0]LogHMD: Failed to enumerate extensions. Please check that you have a valid OpenXR runtime installed.
[2022.07.01-23.56.56:018][  0]LogHMD: Failed to initialize OpenVR with code 110
[2022.07.01-23.56.56:018][  0]LogMagicLeap: Warning: VR disabled because ZI is not enabled.  To enable, in the editor, Edit -> Project Settings -> Plugins -> Magic Leap Plugin -> Enable Zero Iteration
[2022.07.01-23.56.56:020][  0]LogStats: UGameplayTagsManager::InitializeManager -  0.000 s
[2022.07.01-23.56.56:145][  0]LogInit: Initializing FReadOnlyCVARCache
[2022.07.01-23.56.56:145][  0]LogAudio: Display: Initializing Audio Device Manager...
[2022.07.01-23.56.56:150][  0]LogAudio: Display: Loading Default Audio Settings Objects...
[2022.07.01-23.56.56:151][  0]LogAudio: Display: No default SoundConcurrencyObject specified (or failed to load).
[2022.07.01-23.56.56:152][  0]LogAudio: Display: Audio Device Manager Initialized
[2022.07.01-23.56.56:152][  0]LogAudio: Display: Creating Audio Device:                 Id: 1, Scope: Shared, Realtime: True
[2022.07.01-23.56.56:152][  0]LogAudioMixer: Display: Audio Mixer Platform Settings:
[2022.07.01-23.56.56:152][  0]LogAudioMixer: Display: 	Sample Rate:						  48000
[2022.07.01-23.56.56:152][  0]LogAudioMixer: Display: 	Callback Buffer Frame Size Requested: 1024
[2022.07.01-23.56.56:152][  0]LogAudioMixer: Display: 	Callback Buffer Frame Size To Use:	  1024
[2022.07.01-23.56.56:153][  0]LogAudioMixer: Display: 	Number of buffers to queue:			  2
[2022.07.01-23.56.56:153][  0]LogAudioMixer: Display: 	Max Channels (voices):				  32
[2022.07.01-23.56.56:153][  0]LogAudioMixer: Display: 	Number of Async Source Workers:		  0
[2022.07.01-23.56.56:153][  0]LogAudio: Display: AudioDevice MaxSources: 32
[2022.07.01-23.56.56:153][  0]LogAudio: Display: Audio Spatialization Plugin: None (built-in).
[2022.07.01-23.56.56:153][  0]LogAudio: Display: Audio Reverb Plugin: None (built-in).
[2022.07.01-23.56.56:153][  0]LogAudio: Display: Audio Occlusion Plugin: None (built-in).
[2022.07.01-23.56.56:154][  0]LogAudioMixer: Display: Initializing audio mixer.
[2022.07.01-23.56.56:173][  0]LogAudioMixer: Display: 0: FrontLeft
[2022.07.01-23.56.56:173][  0]LogAudioMixer: Display: 1: FrontRight
[2022.07.01-23.56.56:200][  0]LogAudioMixer: Display: Using Audio Device Altavoces (Realtek High Definition Audio)
[2022.07.01-23.56.56:207][  0]LogAudioMixer: Display: Initializing Sound Submixes...
[2022.07.01-23.56.56:210][  0]LogAudioMixer: Display: Creating Master Submix 'MasterSubmixDefault'
[2022.07.01-23.56.56:210][  0]LogAudioMixer: Display: Creating Master Submix 'MasterReverbSubmixDefault'
[2022.07.01-23.56.56:212][  0]LogAudioMixer: Display: Creating Master Submix 'MasterEQSubmixDefault'
[2022.07.01-23.56.56:212][  0]LogAudioMixer: FMixerPlatformXAudio2::StartAudioStream() called
[2022.07.01-23.56.56:212][  0]LogAudioMixer: Display: Output buffers initialized: Frames=1024, Channels=2, Samples=2048
[2022.07.01-23.56.56:213][  0]LogAudioMixer: Display: Starting AudioMixerPlatformInterface::RunInternal()
[2022.07.01-23.56.56:213][  0]LogAudioMixer: Display: FMixerPlatformXAudio2::SubmitBuffer() called for the first time
[2022.07.01-23.56.56:213][  0]LogInit: FAudioDevice initialized.
[2022.07.01-23.56.56:871][  0]LogNetVersion: Set ProjectVersion to 1.0.0.0. Version Checksum will be recalculated on next use.
[2022.07.01-23.56.56:875][  0]LogInit: Texture streaming: Enabled
[2022.07.01-23.56.58:817][  0]LogAudio: Display: Audio Device (ID: 1) registered with world 'Untitled'.
[2022.07.01-23.56.58:818][  0]LogSlate: Updating window title bar state: overlay mode, drag disabled, window buttons hidden, title bar hidden
[2022.07.01-23.56.58:821][  0]LogInit: Display: Game Engine Initialized.
[2022.07.01-23.56.58:845][  0]LogNiagaraEditor: GEditor isn't valid! Particle reset commands will not work for Niagara components!
[2022.07.01-23.56.59:098][  0]LogInit: Display: Starting Game.
[2022.07.01-23.56.59:202][  0]LogNet: Browse: /Game/Maps/main?Name=Player
[2022.07.01-23.56.59:213][  0]LogLoad: LoadMap: /Game/Maps/main?Name=Player
[2022.07.01-23.56.59:213][  0]LogWorld: BeginTearingDown for /Temp/Untitled_0
[2022.07.01-23.56.59:216][  0]LogWorld: UWorld::CleanupWorld for Untitled, bSessionEnded=true, bCleanupResources=true
[2022.07.01-23.56.59:216][  0]LogSlate: InvalidateAllWidgets triggered.  All widgets were invalidated
[2022.07.01-23.56.59:228][  0]LogAudio: Display: Audio Device unregistered from world 'None'.
[2022.07.01-23.56.59:232][  0]LogUObjectHash: Compacting FUObjectHashTables data took   1.45ms
[2022.07.01-23.56.59:351][  0]LogAudio: Display: Audio Device (ID: 1) registered with world 'main'.
[2022.07.01-23.56.59:361][  0]LogAIModule: Creating AISystem for world main
[2022.07.01-23.56.59:405][  0]LogLoad: Game class is 'BP_GameModeBase_C'
[2022.07.01-23.56.59:453][  0]LogWorld: Bringing World /Game/Maps/main.main up for play (max tick rate 0) at 2022.07.01-20.56.59
[2022.07.01-23.56.59:453][  0]LogWorld: Bringing up level for play took: 0.005767
[2022.07.01-23.56.59:480][  0]LogLoad: Took 0.260718 seconds to LoadMap(/Game/Maps/main)
[2022.07.01-23.56.59:537][  0]LogSlate: Took 0.000310 seconds to synchronously load lazily loaded font '../../../Engine/Content/Slate/Fonts/Roboto-Regular.ttf' (155K)
[2022.07.01-23.56.59:565][  0]LogRenderer: Reallocating scene render targets to support 1280x696 Format 10 NumSamples 1 (Frame:1).
[2022.07.01-23.56.59:565][  0]LogInit: Display: Engine is initialized. Leaving FEngineLoop::Init()
[2022.07.01-23.56.59:565][  0]LogLoad: (Engine Initialization) Total time: 23.89 seconds
[2022.07.01-23.56.59:565][  0]LogLoad: (Engine Initialization) Total Blueprint compile time: 0.00 seconds
[2022.07.01-23.57.00:228][  0]LogContentStreaming: Texture pool size now 1000 MB
[2022.07.01-23.57.00:255][  0]LogSlate: InvalidateAllWidgets triggered.  All widgets were invalidated
[2022.07.01-23.57.01:117][  1]LogSlate: Took 0.000289 seconds to synchronously load lazily loaded font '../../../Engine/Content/Slate/Fonts/Roboto-Regular.ttf' (155K)
[2022.07.01-23.57.52:396][746]LogWindowsDesktop: Alt-F4 pressed!
[2022.07.01-23.57.52:526][746]LogSlate: Window 'MiPlataforma (64-bit Development PCD3D_SM5) ' being destroyed
[2022.07.01-23.57.52:527][746]LogWindowsTextInputMethodSystem: Display: IME system deactivated.
[2022.07.01-23.57.52:534][746]LogSlate: Updating window title bar state: overlay mode, drag disabled, window buttons hidden, title bar hidden
[2022.07.01-23.57.52:534][746]LogEngine: All Windows Closed
[2022.07.01-23.57.52:534][746]LogWindows: FPlatformMisc::RequestExit(0)
[2022.07.01-23.57.52:534][746]LogWindows: FPlatformMisc::RequestExitWithStatus(0, 0)
[2022.07.01-23.57.52:534][746]LogCore: Engine exit requested (reason: Win RequestExit)
[2022.07.01-23.57.52:534][747]LogCore: Engine exit requested (reason: EngineExit() was called; note: exit was already requested)
[2022.07.01-23.57.52:534][747]LogInit: Display: PreExit Game.
[2022.07.01-23.57.52:561][747]LogWorld: BeginTearingDown for /Game/Maps/main
[2022.07.01-23.57.52:562][747]LogWorld: UWorld::CleanupWorld for main, bSessionEnded=true, bCleanupResources=true
[2022.07.01-23.57.52:562][747]LogSlate: InvalidateAllWidgets triggered.  All widgets were invalidated
[2022.07.01-23.57.53:059][747]LogAudio: Display: Beginning Audio Device Manager Shutdown (Module: AudioMixerXAudio2)...
[2022.07.01-23.57.53:060][747]LogAudio: Display: Destroying 1 Remaining Audio Device(s)...
[2022.07.01-23.57.53:060][747]LogAudio: Display: Audio Device unregistered from world 'main'.
[2022.07.01-23.57.53:063][747]LogAudioMixer: FMixerPlatformXAudio2::StopAudioStream() called
[2022.07.01-23.57.53:064][747]LogAudioMixer: FMixerPlatformXAudio2::StopAudioStream() called
[2022.07.01-23.57.53:092][747]LogAudio: Display: Audio Device Manager Shutdown
[2022.07.01-23.57.53:101][747]LogExit: Preparing to exit.
[2022.07.01-23.57.53:607][747]LogSlate: Updating window title bar state: overlay mode, drag disabled, window buttons hidden, title bar hidden
[2022.07.01-23.57.53:610][747]LogUObjectHash: Compacting FUObjectHashTables data took   1.62ms
[2022.07.01-23.57.53:694][747]LogMoviePlayer: Shutting down movie player
[2022.07.01-23.57.53:740][747]LogDemo: Cleaned up 0 splitscreen connections with owner deletion
[2022.07.01-23.57.53:751][747]LogExit: Game engine shut down
[2022.07.01-23.57.53:796][747]LogExit: Object subsystem successfully closed.
[2022.07.01-23.57.53:803][747]LogShaderCompilers: Display: === FShaderJobCache stats ===
[2022.07.01-23.57.53:803][747]LogShaderCompilers: Display: Total job queries 0, among them cache hits 0 (0.00%)
[2022.07.01-23.57.53:803][747]LogShaderCompilers: Display: Tracking 0 distinct input hashes that result in 0 distinct outputs (0.00%)
[2022.07.01-23.57.53:803][747]LogShaderCompilers: Display: RAM used: 0.00 MB (0.00 GB) of 614.40 MB (0.60 GB) budget. Usage: 0.00%
[2022.07.01-23.57.53:803][747]LogShaderCompilers: Display: ================================================
[2022.07.01-23.57.53:814][747]LogShaderCompilers: Display: Shaders left to compile 0
[2022.07.01-23.57.53:840][747]LogModuleManager: Shutting down and abandoning module SequenceRecorderSections (558)
[2022.07.01-23.57.53:840][747]LogModuleManager: Shutting down and abandoning module SequenceRecorder (556)
[2022.07.01-23.57.53:840][747]LogModuleManager: Shutting down and abandoning module AutomationController (554)
[2022.07.01-23.57.53:840][747]LogModuleManager: Shutting down and abandoning module AutomationWorker (552)
[2022.07.01-23.57.53:840][747]LogModuleManager: Shutting down and abandoning module Voice (550)
[2022.07.01-23.57.53:840][747]LogModuleManager: Shutting down and abandoning module AIModule (548)
[2022.07.01-23.57.53:840][747]LogModuleManager: Shutting down and abandoning module GameplayDebugger (547)
[2022.07.01-23.57.53:840][747]LogModuleManager: Shutting down and abandoning module AITestSuite (545)
[2022.07.01-23.57.53:840][747]LogModuleManager: Shutting down and abandoning module NavigationSystem (543)
[2022.07.01-23.57.53:840][747]LogModuleManager: Shutting down and abandoning module SteamVREditor (540)
[2022.07.01-23.57.53:840][747]LogModuleManager: Shutting down and abandoning module ToolMenus (539)
[2022.07.01-23.57.53:840][747]LogModuleManager: Shutting down and abandoning module OculusMR (536)
[2022.07.01-23.57.53:840][747]LogModuleManager: Shutting down and abandoning module TakeRecorderSources (534)
[2022.07.01-23.57.53:840][747]LogModuleManager: Shutting down and abandoning module TakeRecorder (533)
[2022.07.01-23.57.53:840][747]LogModuleManager: Shutting down and abandoning module TakeTrackRecorders (530)
[2022.07.01-23.57.53:840][747]LogModuleManager: Shutting down and abandoning module TakesCore (528)
[2022.07.01-23.57.53:840][747]LogModuleManager: Shutting down and abandoning module OpenXRInput (526)
[2022.07.01-23.57.53:840][747]LogModuleManager: Shutting down and abandoning module WmfMediaFactory (524)
[2022.07.01-23.57.53:840][747]LogModuleManager: Shutting down and abandoning module WebMMediaFactory (522)
[2022.07.01-23.57.53:840][747]LogModuleManager: Shutting down and abandoning module WebMMedia (520)
[2022.07.01-23.57.53:840][747]LogModuleManager: Shutting down and abandoning module OpenExrWrapper (518)
[2022.07.01-23.57.53:840][747]LogModuleManager: Shutting down and abandoning module ImgMediaFactory (516)
[2022.07.01-23.57.53:840][747]LogModuleManager: Shutting down and abandoning module AvfMediaFactory (514)
[2022.07.01-23.57.53:840][747]LogModuleManager: Shutting down and abandoning module MagicLeapMediaCodecFactory (512)
[2022.07.01-23.57.53:840][747]LogModuleManager: Shutting down and abandoning module MagicLeapMediaFactory (510)
[2022.07.01-23.57.53:840][747]LogModuleManager: Shutting down and abandoning module PlanarCut (508)
[2022.07.01-23.57.53:840][747]LogModuleManager: Shutting down and abandoning module CharacterAI (506)
[2022.07.01-23.57.53:841][747]LogModuleManager: Shutting down and abandoning module SessionServices (504)
[2022.07.01-23.57.53:841][747]LogModuleManager: Shutting down and abandoning module MovieSceneCapture (502)
[2022.07.01-23.57.53:865][747]LogModuleManager: Shutting down and abandoning module LiveCoding (500)
[2022.07.01-23.57.53:866][747]LogModuleManager: Shutting down and abandoning module LevelSequence (498)
[2022.07.01-23.57.53:866][747]LogModuleManager: Shutting down and abandoning module MovieSceneTracks (496)
[2022.07.01-23.57.53:866][747]LogModuleManager: Shutting down and abandoning module MovieScene (494)
[2022.07.01-23.57.53:866][747]LogModuleManager: Shutting down and abandoning module StreamingPauseRendering (492)
[2022.07.01-23.57.53:866][747]LogModuleManager: Shutting down and abandoning module PortalServices (490)
[2022.07.01-23.57.53:866][747]LogModuleManager: Shutting down and abandoning module PortalRpc (488)
[2022.07.01-23.57.53:866][747]LogModuleManager: Shutting down and abandoning module MessagingRpc (486)
[2022.07.01-23.57.53:866][747]LogModuleManager: Shutting down and abandoning module AudioMixerXAudio2 (484)
[2022.07.01-23.57.53:866][747]LogModuleManager: Shutting down and abandoning module AudioMixerCore (483)
[2022.07.01-23.57.53:866][747]LogModuleManager: Shutting down and abandoning module ImageWriteQueue (480)
[2022.07.01-23.57.53:869][747]LogModuleManager: Shutting down and abandoning module ProfilerService (478)
[2022.07.01-23.57.53:924][747]LogModuleManager: Shutting down and abandoning module TaskGraph (476)
[2022.07.01-23.57.53:924][747]LogModuleManager: Shutting down and abandoning module OculusInput (474)
[2022.07.01-23.57.53:924][747]LogModuleManager: Shutting down and abandoning module TakeMovieScene (472)
[2022.07.01-23.57.53:924][747]LogModuleManager: Shutting down and abandoning module Synthesis (470)
[2022.07.01-23.57.53:924][747]LogModuleManager: Shutting down and abandoning module ProceduralMeshComponent (468)
[2022.07.01-23.57.53:924][747]LogModuleManager: Shutting down and abandoning module MobilePatchingUtils (466)
[2022.07.01-23.57.53:925][747]LogModuleManager: Shutting down and abandoning module GooglePAD (464)
[2022.07.01-23.57.53:925][747]LogModuleManager: Shutting down and abandoning module EditableMesh (462)
[2022.07.01-23.57.53:925][747]LogModuleManager: Shutting down and abandoning module CustomMeshComponent (460)
[2022.07.01-23.57.53:925][747]LogModuleManager: Shutting down and abandoning module CableComponent (458)
[2022.07.01-23.57.53:925][747]LogModuleManager: Shutting down and abandoning module AudioCapture (456)
[2022.07.01-23.57.53:925][747]LogModuleManager: Shutting down and abandoning module AudioCaptureRtAudio (455)
[2022.07.01-23.57.53:925][747]LogModuleManager: Shutting down and abandoning module AssetTags (452)
[2022.07.01-23.57.53:925][747]LogModuleManager: Shutting down and abandoning module ArchVisCharacter (450)
[2022.07.01-23.57.53:925][747]LogModuleManager: Shutting down and abandoning module AppleImageUtilsBlueprintSupport (448)
[2022.07.01-23.57.53:925][747]LogModuleManager: Shutting down and abandoning module AppleImageUtils (446)
[2022.07.01-23.57.53:925][747]LogModuleManager: Shutting down and abandoning module AndroidPermission (444)
[2022.07.01-23.57.53:925][747]LogModuleManager: Shutting down and abandoning module ActorLayerUtilities (442)
[2022.07.01-23.57.53:925][747]LogModuleManager: Shutting down and abandoning module TemplateSequence (440)
[2022.07.01-23.57.53:925][747]LogModuleManager: Shutting down and abandoning module MediaCompositing (438)
[2022.07.01-23.57.53:925][747]LogModuleManager: Shutting down and abandoning module ImgMedia (436)
[2022.07.01-23.57.53:925][747]LogModuleManager: Shutting down and abandoning module MagicLeapSharedWorld (434)
[2022.07.01-23.57.53:925][747]LogModuleManager: Shutting down and abandoning module MagicLeapLightEstimation (432)
[2022.07.01-23.57.53:925][747]LogModuleManager: Shutting down and abandoning module MagicLeapHelperVulkan (430)
[2022.07.01-23.57.53:925][747]LogModuleManager: Shutting down and abandoning module MagicLeapHelperOpenGL (428)
[2022.07.01-23.57.53:925][747]LogModuleManager: Shutting down and abandoning module MagicLeapAudio (426)
[2022.07.01-23.57.53:926][747]LogModuleManager: Shutting down and abandoning module OpenImageDenoise (424)
[2022.07.01-23.57.53:926][747]LogOpenImageDenoise: OIDN shutting down
[2022.07.01-23.57.53:926][747]LogModuleManager: Shutting down and abandoning module MotoSynth (422)
[2022.07.01-23.57.53:926][747]LogModuleManager: Shutting down and abandoning module MeshConversion (420)
[2022.07.01-23.57.53:926][747]LogModuleManager: Shutting down and abandoning module DynamicMesh (418)
[2022.07.01-23.57.53:926][747]LogModuleManager: Shutting down and abandoning module GeometryAlgorithms (416)
[2022.07.01-23.57.53:926][747]LogModuleManager: Shutting down and abandoning module GeometricObjects (414)
[2022.07.01-23.57.53:926][747]LogModuleManager: Shutting down and abandoning module GeometryCollectionTracks (412)
[2022.07.01-23.57.53:926][747]LogModuleManager: Shutting down and abandoning module GeometryCollectionSequencer (411)
[2022.07.01-23.57.53:926][747]LogModuleManager: Shutting down and abandoning module GeometryCacheTracks (408)
[2022.07.01-23.57.53:926][747]LogModuleManager: Shutting down and abandoning module GeometryCacheSequencer (407)
[2022.07.01-23.57.53:926][747]LogModuleManager: Shutting down and abandoning module GeometryCache (404)
[2022.07.01-23.57.53:926][747]LogModuleManager: Shutting down and abandoning module GeometryCacheEd (403)
[2022.07.01-23.57.53:926][747]LogModuleManager: Shutting down and abandoning module ChaosNiagara (400)
[2022.07.01-23.57.53:926][747]LogModuleManager: Shutting down and abandoning module FieldSystemEngine (399)
[2022.07.01-23.57.53:926][747]LogModuleManager: Shutting down and abandoning module BackChannel (396)
[2022.07.01-23.57.53:927][747]LogModuleManager: Shutting down and abandoning module AutomationUtils (394)
[2022.07.01-23.57.53:927][747]LogModuleManager: Shutting down and abandoning module VisualStudioSourceCodeAccess (392)
[2022.07.01-23.57.53:927][747]LogModuleManager: Shutting down and abandoning module HotReload (391)
[2022.07.01-23.57.53:927][747]LogModuleManager: Shutting down and abandoning module VisualStudioCodeSourceCodeAccess (388)
[2022.07.01-23.57.53:927][747]LogModuleManager: Shutting down and abandoning module UObjectPlugin (386)
[2022.07.01-23.57.53:927][747]LogModuleManager: Shutting down and abandoning module SubversionSourceControl (384)
[2022.07.01-23.57.53:927][747]LogModuleManager: Shutting down and abandoning module PerforceSourceControl (382)
[2022.07.01-23.57.53:927][747]LogModuleManager: Shutting down and abandoning module SourceControl (381)
[2022.07.01-23.57.53:927][747]LogModuleManager: Shutting down and abandoning module CLionSourceCodeAccess (378)
[2022.07.01-23.57.53:927][747]LogModuleManager: Shutting down and abandoning module OodleNetworkHandlerComponent (376)
[2022.07.01-23.57.53:927][747]LogModuleManager: Shutting down and abandoning module LiveLinkSequencer (374)
[2022.07.01-23.57.53:928][747]LogModuleManager: Shutting down and abandoning module LiveLinkMovieScene (372)
[2022.07.01-23.57.53:928][747]LogModuleManager: Shutting down and abandoning module LiveLinkGraphNode (370)
[2022.07.01-23.57.53:928][747]LogModuleManager: Shutting down and abandoning module LiveLinkComponents (368)
[2022.07.01-23.57.53:928][747]LogModuleManager: Shutting down and abandoning module LiveLink (366)
[2022.07.01-23.57.54:646][747]LogModuleManager: Shutting down and abandoning module SoundFields (364)
[2022.07.01-23.57.54:646][747]LogModuleManager: Shutting down and abandoning module SignificanceManager (362)
[2022.07.01-23.57.54:646][747]LogModuleManager: Shutting down and abandoning module RuntimePhysXCooking (360)
[2022.07.01-23.57.54:646][747]LogModuleManager: Shutting down and abandoning module PropertyAccessEditor (358)
[2022.07.01-23.57.54:646][747]LogModuleManager: Shutting down and abandoning module PhysXVehiclesEditor (356)
[2022.07.01-23.57.54:646][747]LogModuleManager: Shutting down and abandoning module LocationServicesBPLibrary (352)
[2022.07.01-23.57.54:646][747]LogModuleManager: Shutting down and abandoning module AudioSynesthesia (350)
[2022.07.01-23.57.54:646][747]LogModuleManager: Shutting down and abandoning module AudioSynesthesiaCore (348)
[2022.07.01-23.57.54:646][747]LogModuleManager: Shutting down and abandoning module ActorSequence (346)
[2022.07.01-23.57.54:646][747]LogModuleManager: Shutting down and abandoning module UdpMessaging (344)
[2022.07.01-23.57.54:747][747]LogModuleManager: Shutting down and abandoning module TcpMessaging (342)
[2022.07.01-23.57.54:848][747]LogModuleManager: Shutting down and abandoning module ImgMediaEngine (340)
[2022.07.01-23.57.54:848][747]LogModuleManager: Shutting down and abandoning module MagicLeapARPin (338)
[2022.07.01-23.57.54:848][747]LogModuleManager: Shutting down and abandoning module MagicLeapHandMeshing (336)
[2022.07.01-23.57.54:848][747]LogModuleManager: Shutting down and abandoning module MagicLeapSecureStorage (334)
[2022.07.01-23.57.54:848][747]LogModuleManager: Shutting down and abandoning module MagicLeapPrivileges (332)
[2022.07.01-23.57.54:848][747]LogModuleManager: Shutting down and abandoning module MagicLeapPlanes (330)
[2022.07.01-23.57.54:848][747]LogMagicLeapPlanes: Planes tracker already destroyed.
[2022.07.01-23.57.54:848][747]LogModuleManager: Shutting down and abandoning module MagicLeapImageTracker (328)
[2022.07.01-23.57.54:848][747]LogModuleManager: Shutting down and abandoning module MagicLeapIdentity (326)
[2022.07.01-23.57.54:848][747]LogModuleManager: Shutting down and abandoning module MagicLeapHandTracking (324)
[2022.07.01-23.57.54:848][747]LogModuleManager: Shutting down and abandoning module MagicLeapEyeTracker (322)
[2022.07.01-23.57.54:848][747]LogModuleManager: Shutting down and abandoning module MagicLeapController (320)
[2022.07.01-23.57.54:848][747]LogModuleManager: Shutting down and abandoning module MagicLeapARPinImpl (318)
[2022.07.01-23.57.54:848][747]LogModuleManager: Shutting down and abandoning module MagicLeapAR (316)
[2022.07.01-23.57.54:848][747]LogModuleManager: Shutting down and abandoning module PythonScriptPlugin (314)
[2022.07.01-23.57.54:848][747]LogModuleManager: Shutting down and abandoning module NiagaraAnimNotifies (312)
[2022.07.01-23.57.54:848][747]LogModuleManager: Shutting down and abandoning module Niagara (310)
[2022.07.01-23.57.54:848][747]LogModuleManager: Shutting down and abandoning module SignalProcessing (309)
[2022.07.01-23.57.54:848][747]LogModuleManager: Shutting down and abandoning module NiagaraEditor (307)
[2022.07.01-23.57.54:848][747]LogModuleManager: Shutting down and abandoning module ContentBrowser (306)
[2022.07.01-23.57.54:848][747]LogModuleManager: Shutting down and abandoning module CollectionManager (305)
[2022.07.01-23.57.54:849][747]LogModuleManager: Shutting down and abandoning module DirectoryWatcher (304)
[2022.07.01-23.57.54:849][747]LogModuleManager: Shutting down and abandoning module ContentBrowserData (301)
[2022.07.01-23.57.54:849][747]LogModuleManager: Shutting down and abandoning module NiagaraCore (296)
[2022.07.01-23.57.54:849][747]LogModuleManager: Shutting down and abandoning module GameplayTagsEditor (294)
[2022.07.01-23.57.54:849][747]LogModuleManager: Shutting down and abandoning module FacialAnimation (292)
[2022.07.01-23.57.54:849][747]LogModuleManager: Shutting down and abandoning module PropertyAccessNode (290)
[2022.07.01-23.57.54:849][747]LogModuleManager: Shutting down and abandoning module AssetManagerEditor (288)
[2022.07.01-23.57.54:849][747]LogModuleManager: Shutting down and abandoning module TreeMap (287)
[2022.07.01-23.57.54:849][747]LogModuleManager: Shutting down and abandoning module AnimationSharing (284)
[2022.07.01-23.57.54:849][747]LogModuleManager: Shutting down and abandoning module EnvironmentQueryEditor (282)
[2022.07.01-23.57.54:849][747]LogModuleManager: Shutting down and abandoning module GameplayCameras (280)
[2022.07.01-23.57.54:849][747]LogModuleManager: Shutting down and abandoning module LightPropagationVolumeRuntime (278)
[2022.07.01-23.57.54:849][747]LogModuleManager: Shutting down and abandoning module Paper2D (276)
[2022.07.01-23.57.54:849][747]LogModuleManager: Shutting down and abandoning module WindowsMoviePlayer (274)
[2022.07.01-23.57.54:850][747]LogModuleManager: Shutting down and abandoning module WebMMoviePlayer (272)
[2022.07.01-23.57.54:850][747]LogModuleManager: Shutting down and abandoning module NetworkReplayStreaming (270)
[2022.07.01-23.57.54:850][747]LogModuleManager: Shutting down and abandoning module PacketHandler (268)
[2022.07.01-23.57.54:850][747]LogModuleManager: Shutting down and abandoning module ClothingSystemEditor (266)
[2022.07.01-23.57.54:850][747]LogModuleManager: Shutting down and abandoning module ClothingSystemRuntimeNv (264)
[2022.07.01-23.57.54:850][747]LogModuleManager: Shutting down and abandoning module MediaAssets (262)
[2022.07.01-23.57.54:850][747]LogModuleManager: Shutting down and abandoning module Overlay (260)
[2022.07.01-23.57.54:850][747]LogModuleManager: Shutting down and abandoning module OverlayEditor (259)
[2022.07.01-23.57.54:850][747]LogModuleManager: Shutting down and abandoning module VREditor (256)
[2022.07.01-23.57.54:850][747]LogModuleManager: Shutting down and abandoning module StringTableEditor (254)
[2022.07.01-23.57.54:850][747]LogModuleManager: Shutting down and abandoning module GameplayTasksEditor (252)
[2022.07.01-23.57.54:850][747]LogModuleManager: Shutting down and abandoning module BehaviorTreeEditor (250)
[2022.07.01-23.57.54:850][747]LogModuleManager: Shutting down and abandoning module FunctionalTesting (248)
[2022.07.01-23.57.54:850][747]LogModuleManager: Shutting down and abandoning module CollisionAnalyzer (246)
[2022.07.01-23.57.54:850][747]LogModuleManager: Shutting down and abandoning module WorkspaceMenuStructure (245)
[2022.07.01-23.57.54:851][747]LogModuleManager: Shutting down and abandoning module UMG (242)
[2022.07.01-23.57.54:851][747]LogModuleManager: Shutting down and abandoning module UMGEditor (241)
[2022.07.01-23.57.54:851][747]LogModuleManager: Shutting down and abandoning module Sequencer (240)
[2022.07.01-23.57.54:851][747]LogModuleManager: Shutting down and abandoning module MessageLog (237)
[2022.07.01-23.57.54:866][747]LogModuleManager: Shutting down and abandoning module SlateReflector (232)
[2022.07.01-23.57.54:866][747]LogModuleManager: Shutting down and abandoning module Slate (230)
[2022.07.01-23.57.54:866][747]LogModuleManager: Shutting down and abandoning module SlateCore (228)
[2022.07.01-23.57.54:867][747]LogModuleManager: Shutting down and abandoning module LandscapeEditorUtilities (226)
[2022.07.01-23.57.54:867][747]LogModuleManager: Shutting down and abandoning module UnrealEd (224)
[2022.07.01-23.57.54:867][747]LogModuleManager: Shutting down and abandoning module MRMesh (222)
[2022.07.01-23.57.54:867][747]LogModuleManager: Shutting down and abandoning module Messaging (220)
[2022.07.01-23.57.54:867][747]LogModuleManager: Shutting down and abandoning module SourceCodeAccess (218)
[2022.07.01-23.57.54:867][747]LogModuleManager: Shutting down and abandoning module HeadMountedDisplay (216)
[2022.07.01-23.57.54:867][747]LogModuleManager: Shutting down and abandoning module XAudio2 (214)
[2022.07.01-23.57.54:867][747]LogModuleManager: Shutting down and abandoning module Networking (212)
[2022.07.01-23.57.54:867][747]LogModuleManager: Shutting down and abandoning module Core (210)
[2022.07.01-23.57.54:867][747]LogModuleManager: Shutting down and abandoning module MaterialEditor (208)
[2022.07.01-23.57.54:867][747]LogModuleManager: Shutting down and abandoning module MovieSceneTools (206)
[2022.07.01-23.57.54:867][747]LogModuleManager: Shutting down and abandoning module EditorStyle (205)
[2022.07.01-23.57.54:868][747]LogModuleManager: Shutting down and abandoning module KismetCompiler (202)
[2022.07.01-23.57.54:868][747]LogModuleManager: Shutting down and abandoning module MeshBuilder (200)
[2022.07.01-23.57.54:868][747]LogModuleManager: Shutting down and abandoning module MeshUtilities (198)
[2022.07.01-23.57.54:868][747]LogModuleManager: Shutting down and abandoning module MeshMergeUtilities (197)
[2022.07.01-23.57.54:868][747]LogModuleManager: Shutting down and abandoning module MeshReductionInterface (196)
[2022.07.01-23.57.54:868][747]LogModuleManager: Shutting down and abandoning module MeshBoneReduction (195)
[2022.07.01-23.57.54:868][747]LogModuleManager: Shutting down and abandoning module SkeletalMeshReduction (193)
[2022.07.01-23.57.54:868][747]LogModuleManager: Shutting down and abandoning module ProxyLODMeshReduction (191)
[2022.07.01-23.57.54:868][747]LogModuleManager: Shutting down and abandoning module QuadricMeshReduction (189)
[2022.07.01-23.57.54:868][747]LogModuleManager: Shutting down and abandoning module MaterialBaking (185)
[2022.07.01-23.57.54:868][747]LogModuleManager: Shutting down and abandoning module NullInstallBundleManager (180)
[2022.07.01-23.57.54:868][747]LogModuleManager: Shutting down and abandoning module PIEPreviewDeviceProfileSelector (178)
[2022.07.01-23.57.54:868][747]LogModuleManager: Shutting down and abandoning module DerivedDataCache (176)
[2022.07.01-23.57.54:868][747]LogModuleManager: Shutting down and abandoning module TargetPlatform (174)
[2022.07.01-23.57.54:868][747]LogModuleManager: Shutting down and abandoning module VulkanShaderFormat (173)
[2022.07.01-23.57.54:869][747]LogModuleManager: Shutting down and abandoning module ShaderFormatVectorVM (171)
[2022.07.01-23.57.54:869][747]LogModuleManager: Shutting down and abandoning module ShaderFormatOpenGL (169)
[2022.07.01-23.57.54:869][747]LogModuleManager: Shutting down and abandoning module ShaderFormatD3D (167)
[2022.07.01-23.57.54:869][747]LogModuleManager: Shutting down and abandoning module MetalShaderFormat (165)
[2022.07.01-23.57.54:869][747]LogModuleManager: Shutting down and abandoning module TextureFormatOodle (163)
[2022.07.01-23.57.54:869][747]LogModuleManager: Shutting down and abandoning module TextureFormatUncompressed (161)
[2022.07.01-23.57.54:869][747]LogModuleManager: Shutting down and abandoning module TextureFormatPVR (159)
[2022.07.01-23.57.54:869][747]LogModuleManager: Shutting down and abandoning module TextureFormatETC2 (157)
[2022.07.01-23.57.54:869][747]LogModuleManager: Shutting down and abandoning module TextureFormatDXT (155)
[2022.07.01-23.57.54:869][747]LogModuleManager: Shutting down and abandoning module TextureFormatIntelISPCTexComp (153)
[2022.07.01-23.57.54:869][747]LogModuleManager: Shutting down and abandoning module TextureFormatASTC (151)
[2022.07.01-23.57.54:869][747]LogModuleManager: Shutting down and abandoning module ImageWrapper (150)
[2022.07.01-23.57.54:869][747]LogModuleManager: Shutting down and abandoning module AudioFormatOpus (147)
[2022.07.01-23.57.54:869][747]LogModuleManager: Shutting down and abandoning module AudioFormatOgg (145)
[2022.07.01-23.57.54:869][747]LogModuleManager: Shutting down and abandoning module AudioFormatADPCM (143)
[2022.07.01-23.57.54:869][747]LogModuleManager: Shutting down and abandoning module WindowsServerTargetPlatform (141)
[2022.07.01-23.57.54:869][747]LogModuleManager: Shutting down and abandoning module WindowsClientTargetPlatform (139)
[2022.07.01-23.57.54:869][747]LogModuleManager: Shutting down and abandoning module WindowsTargetPlatform (137)
[2022.07.01-23.57.54:869][747]LogModuleManager: Shutting down and abandoning module WindowsNoEditorTargetPlatform (135)
[2022.07.01-23.57.54:869][747]LogModuleManager: Shutting down and abandoning module D3D11RHI (132)
[2022.07.01-23.57.54:869][747]LogModuleManager: Shutting down and abandoning module InputCore (130)
[2022.07.01-23.57.54:869][747]LogModuleManager: Shutting down and abandoning module Settings (128)
[2022.07.01-23.57.54:869][747]LogModuleManager: Shutting down and abandoning module PhysXCooking (126)
[2022.07.01-23.57.54:869][747]LogModuleManager: Shutting down and abandoning module Chaos (124)
[2022.07.01-23.57.54:869][747]LogModuleManager: Shutting down and abandoning module WindowsPlatformFeatures (122)
[2022.07.01-23.57.54:869][747]LogModuleManager: Shutting down and abandoning module GameplayMediaEncoder (121)
[2022.07.01-23.57.54:869][747]LogModuleManager: Shutting down and abandoning module AVEncoder (120)
[2022.07.01-23.57.54:869][747]LogModuleManager: Shutting down and abandoning module SteamVRInputDevice (116)
[2022.07.01-23.57.54:869][747]LogModuleManager: Shutting down and abandoning module SteamVRInput (114)
[2022.07.01-23.57.54:869][747]LogModuleManager: Shutting down and abandoning module SteamVR (112)
[2022.07.01-23.57.54:869][747]LogHMD: Freeing OpenVRDLLHandle.
[2022.07.01-23.57.54:869][747]LogModuleManager: Shutting down and abandoning module OculusHMD (110)
[2022.07.01-23.57.54:869][747]LogModuleManager: Shutting down and abandoning module OpenXRHandTracking (108)
[2022.07.01-23.57.54:869][747]LogSlate: Slate User Destroyed.  User Index 0, Is Virtual User: 0
[2022.07.01-23.57.54:869][747]LogModuleManager: Shutting down and abandoning module OpenXREyeTracker (106)
[2022.07.01-23.57.54:869][747]LogModuleManager: Shutting down and abandoning module OpenXRAR (104)
[2022.07.01-23.57.54:869][747]LogModuleManager: Shutting down and abandoning module AugmentedReality (103)
[2022.07.01-23.57.54:869][747]LogModuleManager: Shutting down and abandoning module OpenXRHMD (100)
[2022.07.01-23.57.54:886][747]LogModuleManager: Shutting down and abandoning module ExampleDeviceProfileSelector (98)
[2022.07.01-23.57.54:886][747]LogModuleManager: Shutting down and abandoning module ChunkDownloader (96)
[2022.07.01-23.57.54:886][747]LogModuleManager: Shutting down and abandoning module LauncherChunkInstaller (94)
[2022.07.01-23.57.54:886][747]LogModuleManager: Shutting down and abandoning module OnlineBlueprintSupport (92)
[2022.07.01-23.57.54:886][747]LogModuleManager: Shutting down and abandoning module OnlineSubsystem (88)
[2022.07.01-23.57.54:886][747]LogModuleManager: Shutting down and abandoning module XMPP (83)
[2022.07.01-23.57.54:886][747]LogModuleManager: Shutting down and abandoning module WebSockets (82)
[2022.07.01-23.57.54:917][747]LogModuleManager: Shutting down and abandoning module HTTP (79)
[2022.07.01-23.57.54:917][747]LogHttp: Display: cleaning up 0 outstanding Http requests.
[2022.07.01-23.57.54:946][747]LogModuleManager: Shutting down and abandoning module SSL (78)
[2022.07.01-23.57.54:949][747]LogModuleManager: Shutting down and abandoning module WmfMedia (74)
[2022.07.01-23.57.54:953][747]LogModuleManager: Shutting down and abandoning module Media (73)
[2022.07.01-23.57.54:954][747]LogModuleManager: Shutting down and abandoning module MediaInfo (72)
[2022.07.01-23.57.54:954][747]LogModuleManager: Shutting down and abandoning module ExrReaderGpu (68)
[2022.07.01-23.57.54:954][747]LogModuleManager: Shutting down and abandoning module MLSDK (66)
[2022.07.01-23.57.54:954][747]LogModuleManager: Shutting down and abandoning module MagicLeap (64)
[2022.07.01-23.57.54:954][747]LogModuleManager: Shutting down and abandoning module VariantManagerContent (62)
[2022.07.01-23.57.54:955][747]LogModuleManager: Shutting down and abandoning module ChaosCloth (60)
[2022.07.01-23.57.54:955][747]LogModuleManager: Shutting down and abandoning module DatasmithContent (58)
[2022.07.01-23.57.54:956][747]LogModuleManager: Shutting down and abandoning module NiagaraVertexFactories (56)
[2022.07.01-23.57.54:956][747]LogModuleManager: Shutting down and abandoning module NiagaraShader (54)
[2022.07.01-23.57.54:956][747]LogModuleManager: Shutting down and abandoning module PixWinPlugin (52)
[2022.07.01-23.57.54:956][747]LogModuleManager: Shutting down and abandoning module AISupportModule (50)
[2022.07.01-23.57.54:956][747]LogModuleManager: Shutting down and abandoning module DesktopPlatform (48)
[2022.07.01-23.57.54:956][747]LogModuleManager: Shutting down and abandoning module PythonScriptPluginPreload (46)
[2022.07.01-23.57.54:956][747]LogModuleManager: Shutting down and abandoning module PlatformCryptoOpenSSL (44)
[2022.07.01-23.57.54:956][747]LogModuleManager: Shutting down and abandoning module PlatformCryptoTypes (42)
[2022.07.01-23.57.54:956][747]LogModuleManager: Shutting down and abandoning module PlatformCrypto (40)
[2022.07.01-23.57.54:956][747]LogModuleManager: Shutting down and abandoning module OodleDataCompressionFormat (38)
[2022.07.01-23.57.54:956][747]LogModuleManager: Shutting down and abandoning module XGEController (36)
[2022.07.01-23.57.54:957][747]LogModuleManager: Shutting down and abandoning module AnimationModifiers (34)
[2022.07.01-23.57.54:957][747]LogModuleManager: Shutting down and abandoning module AudioEditor (32)
[2022.07.01-23.57.54:957][747]LogModuleManager: Shutting down and abandoning module PropertyEditor (31)
[2022.07.01-23.57.54:957][747]LogModuleManager: Shutting down and abandoning module TextureCompressor (28)
[2022.07.01-23.57.54:957][747]LogModuleManager: Shutting down and abandoning module RenderCore (26)
[2022.07.01-23.57.54:957][747]LogModuleManager: Shutting down and abandoning module Landscape (24)
[2022.07.01-23.57.54:957][747]LogModuleManager: Shutting down and abandoning module SlateRHIRenderer (22)
[2022.07.01-23.57.54:958][747]LogModuleManager: Shutting down and abandoning module AnimGraphRuntime (20)
[2022.07.01-23.57.54:958][747]LogModuleManager: Shutting down and abandoning module Renderer (18)
[2022.07.01-23.57.54:958][747]LogModuleManager: Shutting down and abandoning module Engine (16)
[2022.07.01-23.57.54:958][747]LogModuleManager: Shutting down and abandoning module CoreUObject (14)
[2022.07.01-23.57.54:958][747]LogModuleManager: Shutting down and abandoning module NetworkFile (12)
[2022.07.01-23.57.54:958][747]LogModuleManager: Shutting down and abandoning module CookedIterativeFile (10)
[2022.07.01-23.57.54:958][747]LogModuleManager: Shutting down and abandoning module StreamingFile (8)
[2022.07.01-23.57.54:958][747]LogModuleManager: Shutting down and abandoning module SandboxFile (6)
[2022.07.01-23.57.54:958][747]LogModuleManager: Shutting down and abandoning module PakFile (4)
[2022.07.01-23.57.54:958][747]LogModuleManager: Shutting down and abandoning module RSA (3)
[2022.07.01-23.57.55:343][747]LogContentStreaming: Display: There are 1 unreleased StreamingManagers
[2022.07.01-23.57.55:359][747]LogD3D11RHI: Shutdown
[2022.07.01-23.57.55:359][747]LogD3D11RHI: CleanupD3DDevice
[2022.07.01-23.57.55:364][747]LogExit: Exiting.
[2022.07.01-23.57.55:427][747]Log file closed, 07/01/22 20:57:55
